./main
5
25
45
65
85
105
125
145
165
185
205
225
245
265
285
305
325
345
365
385
405
425
445
465
485
505
525
545
565
585
605
625
645
665
685
705
725
745
765
785
805
825
845
865
885
905
925
945
965
985
1005
1025
1045
1065
1085
1105
1125
1145
1165
1185
1205
1225
1245
1265
1285
1305
1325
1345
1365
1385
1405
1425
1445
1465
1485
1505
1525
1545
1565
1585
1605
1625
1645
1665
1685
1705
1725
1745
1765
1785
1805
1825
1845
1865
1885
1905
1925
1945
1965
1985
2005
2025
2045
2065
2085
2105
2125
2145
2165
2185
2205
2225
2245
2265
2285
2305
2325
2345
2365
2385
2405
2425
2445
2465
2485
2505
2525
2545
2565
2585
2605
2625
2645
2665
2685
2705
2725
2745
2765
2785
2805
2825
2845
2865
2885
2905
2925
2945
2965
2985
3005
3025
3045
3065
3085
3105
3125
3145
3165
3185
3205
3225
3245
3265
3285
3305
3325
3345
3365
3385
3405
3425
3445
3465
3485
3505
3525
3545
3565
3585
3605
3625
3645
3665
3685
3705
3725
3745
3765
3785
3805
3825
3845
3865
3885
3905
3925
3945
3965
3985
4005
4025
4045
4065
4085
4105
4125
4145
4165
4185
4205
4225
4245
4265
4285
4305
4325
4345
4365
4385
4405
4425
4445
4465
4485
4505
4525
4545
4565
4585
4605
4625
4645
4665
4685
4705
4725
4745
4765
4785
4805
4825
4845
4865
4885
4905
4925
4945
4965
4985
5005
5025
5045
5065
5085
5105
5125
5145
5165
5185
5205
5225
5245
5265
5285
5305
5325
5345
5365
5385
5405
5425
5445
5465
5485
5505
5525
5545
5565
5585
5605
5625
5645
5665
5685
5705
5725
5745
5765
5785
5805
5825
5845
5865
5885
5905
5925
5945
5965
5985
6005
6025
6045
6065
6085
6105
6125
6145
6165
6185
6205
6225
6245
6265
6285
6305
6325
6345
6365
6385
6405
6425
6445
6465
6485
6505
6525
6545
6565
6585
6605
6625
6645
6665
6685
6705
6725
6745
6765
6785
6805
6825
6845
6865
6885
6905
6925
6945
6965
6985
7005
7025
7045
7065
7085
7105
7125
7145
7165
7185
7205
7225
7245
7265
7285
7305
7325
7345
7365
7385
7405
7425
7445
7465
7485
7505
7525
7545
7565
7585
7605
7625
7645
7665
7685
7705
7725
7745
7765
7785
7805
7825
7845
7865
7885
7905
7925
7945
7965
7985
8005
8025
8045
8065
8085
8105
8125
8145
8165
8185
8205
8225
8245
8265
8285
8305
8325
8345
8365
8385
8405
8425
8445
8465
8485
8505
8525
8545
8565
8585
8605
8625
8645
8665
8685
8705
8725
8745
8765
8785
8805
8825
8845
8865
8885
8905
8925
8945
8965
8985
9005
9025
9045
9065
9085
9105
9125
9145
9165
9185
9205
9225
9245
9265
9285
9305
9325
9345
9365
9385
9405
9425
9445
9465
9485
9505
9525
9545
9565
9585
9605
9625
9645
9665
9685
9705
9725
9745
9765
9785
9805
9825
9845
9865
9885
9905
9925
9945
9965
9985
10005
10025
10045
10065
10085
10105
10125
10145
10165
10185
10205
10225
10245
10265
10285
10305
10325
10345
10365
10385
10405
10425
10445
10465
10485
10505
10525
10545
10565
10585
10605
10625
10645
10665
10685
10705
10725
10745
10765
10785
10805
10825
10845
10865
10885
10905
10925
10945
10965
10985
11005
11025
11045
11065
11085
11105
11125
11145
11165
11185
11205
11225
11245
11265
11285
11305
11325
11345
11365
11385
11405
11425
11445
11465
11485
11505
11525
11545
11565
11585
11605
11625
11645
11665
11685
11705
11725
11745
11765
11785
11805
11825
11845
11865
11885
11905
11925
11945
11965
11985
12005
12025
12045
12065
12085
12105
12125
12145
12165
12185
12205
12225
12245
12265
12285
12305
12325
12345
12365
12385
12405
12425
12445
12465
12485
12505
12525
12545
12565
12585
12605
12625
12645
12665
12685
12705
12725
12745
12765
12785
12805
12825
12845
12865
12885
12905
12925
12945
12965
12985
13005
13025
13045
13065
13085
13105
13125
13145
13165
13185
13205
13225
13245
13265
13285
13305
13325
13345
13365
13385
13405
13425
13445
13465
13485
13505
13525
13545
13565
13585
13605
13625
13645
13665
13685
13705
13725
13745
13765
13785
13805
13825
13845
13865
13885
13905
13925
13945
13965
13985
14005
14025
14045
14065
14085
14105
14125
14145
14165
14185
14205
14225
14245
14265
14285
14305
14325
14345
14365
14385
14405
14425
14445
14465
14485
14505
14525
14545
14565
14585
14605
14625
14645
14665
14685
14705
14725
14745
14765
14785
14805
14825
14845
14865
14885
14905
14925
14945
14965
14985
15005
15025
15045
15065
15085
15105
15125
15145
15165
15185
15205
15225
15245
15265
15285
15305
15325
15345
15365
15385
15405
15425
15445
15465
15485
15505
15525
15545
15565
15585
15605
15625
15645
15665
15685
15705
15725
15745
15765
15785
15805
15825
15845
15865
15885
15905
15925
15945
15965
15985
16005
16025
16045
16065
16085
16105
16125
16145
16165
16185
16205
16225
16245
16265
16285
16305
16325
16345
16365
16385
16405
16425
16445
16465
16485
16505
16525
16545
16565
16585
16605
16625
16645
16665
16685
16705
16725
16745
16765
16785
16805
16825
16845
16865
16885
16905
16925
16945
16965
16985
17005
17025
17045
17065
17085
17105
17125
17145
17165
17185
17205
17225
17245
17265
17285
17305
17325
17345
17365
17385
17405
17425
17445
17465
17485
17505
17525
17545
17565
17585
17605
17625
17645
17665
17685
17705
17725
17745
17765
17785
17805
17825
17845
17865
17885
17905
17925
17945
17965
17985
18005
18025
18045
18065
18085
18105
18125
18145
18165
18185
18205
18225
18245
18265
18285
18305
18325
18345
18365
18385
18405
18425
18445
18465
18485
18505
18525
18545
18565
18585
18605
18625
18645
18665
18685
18705
18725
18745
18765
18785
18805
18825
18845
18865
18885
18905
18925
18945
18965
18985
19005
19025
19045
19065
19085
19105
19125
19145
19165
19185
19205
19225
19245
19265
19285
19305
19325
19345
19365
19385
19405
19425
19445
19465
19485
19505
19525
19545
19565
19585
19605
19625
19645
19665
19685
19705
19725
19745
19765
19785
19805
19825
19845
19865
19885
19905
19925
19945
19965
19985
20005
20025
20045
20065
20085
20105
20125
20145
20165
20185
20205
20225
20245
20265
20285
20305
20325
20345
20365
20385
20405
20425
20445
20465
20485
20505
20525
20545
20565
20585
20605
20625
20645
20665
20685
20705
20725
20745
20765
20785
20805
20825
20845
20865
20885
20905
20925
20945
20965
20985
21005
21025
21045
21065
21085
21105
21125
21145
21165
21185
21205
21225
21245
21265
21285
21305
21325
21345
21365
21385
21405
21425
21445
21465
21485
21505
21525
21545
21565
21585
21605
21625
21645
21665
21685
21705
21725
21745
21765
21785
21805
21825
21845
21865
21885
21905
21925
21945
21965
21985
22005
22025
22045
22065
22085
22105
22125
22145
22165
22185
22205
22225
22245
22265
22285
22305
22325
22345
22365
22385
22405
22425
22445
22465
22485
22505
22525
22545
22565
22585
22605
22625
22645
22665
22685
22705
22725
22745
22765
22785
22805
22825
22845
22865
22885
22905
22925
22945
22965
22985
23005
23025
23045
23065
23085
23105
23125
23145
23165
23185
23205
23225
23245
23265
23285
23305
23325
23345
23365
23385
23405
23425
23445
23465
23485
23505
23525
23545
23565
23585
23605
23625
23645
23665
23685
23705
23725
23745
23765
23785
23805
23825
23845
23865
23885
23905
23925
23945
23965
23985
24005
24025
24045
24065
24085
24105
24125
24145
24165
24185
24205
24225
24245
24265
24285
24305
24325
24345
24365
24385
24405
24425
24445
24465
24485
24505
24525
24545
24565
24585
24605
24625
24645
24665
24685
24705
24725
24745
24765
24785
24805
24825
24845
24865
24885
24905
24925
24945
24965
24985
25005
25025
25045
25065
25085
25105
25125
25145
25165
25185
25205
25225
25245
25265
25285
25305
25325
25345
25365
25385
25405
25425
25445
25465
25485
25505
25525
25545
25565
25585
25605
25625
25645
25665
25685
25705
25725
25745
25765
25785
25805
25825
25845
25865
25885
25905
25925
25945
25965
25985
26005
26025
26045
26065
26085
26105
26125
26145
26165
26185
26205
26225
26245
26265
26285
26305
26325
26345
26365
26385
26405
26425
26445
26465
26485
26505
26525
26545
26565
26585
26605
26625
26645
26665
26685
26705
26725
26745
26765
26785
26805
26825
26845
26865
26885
26905
26925
26945
26965
26985
27005
27025
27045
27065
27085
27105
27125
27145
27165
27185
27205
27225
27245
27265
27285
27305
27325
27345
27365
27385
27405
27425
27445
27465
27485
27505
27525
27545
27565
27585
27605
27625
27645
27665
27685
27705
27725
27745
27765
27785
27805
27825
27845
27865
27885
27905
27925
27945
27965
27985
28005
28025
28045
28065
28085
28105
28125
28145
28165
28185
28205
28225
28245
28265
28285
28305
28325
28345
28365
28385
28405
28425
28445
28465
28485
28505
28525
28545
28565
28585
28605
28625
28645
28665
28685
28705
28725
28745
28765
28785
28805
28825
28845
28865
28885
28905
28925
28945
28965
28985
29005
29025
29045
29065
29085
29105
29125
29145
29165
29185
29205
29225
29245
29265
29285
29305
29325
29345
29365
29385
29405
29425
29445
29465
29485
29505
29525
29545
29565
29585
29605
29625
29645
29665
29685
29705
29725
29745
29765
29785
29805
29825
29845
29865
29885
29905
29925
29945
29965
29985
30005
30025
30045
30065
30085
30105
30125
30145
30165
30185
30205
30225
30245
30265
30285
30305
30325
30345
30365
30385
30405
30425
30445
30465
30485
30505
30525
30545
30565
30585
30605
Resposta para a deleção 1
header: 1 102077 1531 0
header: 1 102077 1531 766
deleted: 766
refazendo index
Resposta para a deleção 2
header: 1 102077 1531 766
header: 1 102077 1531 1023
deleted: 257
refazendo index
Resposta para a deleção 3
5
25
45
65
85
105
125
145
165
185
205
225
245
265
285
305
325
345
365
385
405
425
445
465
485
505
525
545
565
585
605
625
645
665
685
705
725
745
765
785
805
825
845
865
885
905
925
945
965
985
1005
1025
1045
1065
1085
1105
1125
1145
1165
1185
1205
1225
1245
1265
1285
1305
1325
1345
1365
1385
1405
1425
1445
1465
1485
1505
1525
1545
1565
1585
1605
1625
1645
1665
1685
1705
1725
1745
1765
1785
1805
1825
1845
1865
1885
1905
1925
1945
1965
1985
2005
2025
2045
2065
2085
2105
2125
2145
2165
2185
2205
2225
2245
2265
2285
2305
2325
2345
2365
2385
2405
2425
2445
2465
2485
2505
2525
2545
2565
2585
2605
2625
2645
2665
2685
2705
2725
2745
2765
2785
2805
2825
2845
2865
2885
2905
2925
2945
2965
2985
3005
3025
3045
3065
3085
3105
3125
3145
3165
3185
3205
3225
3245
3265
3285
3305
3325
3345
3365
3385
3405
3425
3445
3465
3485
3505
3525
3545
3565
3585
3605
3625
3645
3665
3685
3705
3725
3745
3765
3785
3805
3825
3845
3865
3885
3905
3925
3945
3965
3985
4005
4025
4045
4065
4085
4105
4125
4145
4165
4185
4205
4225
4245
4265
4285
4305
4325
4345
4365
4385
4405
4425
4445
4465
4485
4505
4525
4545
4565
4585
4605
4625
4645
4665
4685
4705
4725
4745
4765
4785
4805
4825
4845
4865
4885
4905
4925
4945
4965
4985
5005
5025
5045
5065
5085
5105
5125
5145
5165
5185
5205
5225
5245
5265
5285
5305
5325
5345
5365
5385
5405
5425
5445
5465
5485
5505
5525
5545
5565
5585
5605
5625
5645
5665
5685
5705
5725
5745
5765
5785
5805
5825
5845
5865
5885
5905
5925
5945
5965
5985
6005
6025
6045
6065
6085
6105
6125
6145
6165
6185
6205
6225
6245
6265
6285
6305
6325
6345
6365
6385
6405
6425
6445
6465
6485
6505
6525
6545
6565
6585
6605
6625
6645
6665
6685
6705
6725
6745
6765
6785
6805
6825
6845
6865
6885
6905
6925
6945
6965
6985
7005
7025
7045
7065
7085
7105
7125
7145
7165
7185
7205
7225
7245
7265
7285
7305
7325
7345
7365
7385
7405
7425
7445
7465
7485
7505
7525
7545
7565
7585
7605
7625
7645
7665
7685
7705
7725
7745
7765
7785
7805
7825
7845
7865
7885
7905
7925
7945
7965
7985
8005
8025
8045
8065
8085
8105
8125
8145
8165
8185
8205
8225
8245
8265
8285
8305
8325
8345
8365
8385
8405
8425
8445
8465
8485
8505
8525
8545
8565
8585
8605
8625
8645
8665
8685
8705
8725
8745
8765
8785
8805
8825
8845
8865
8885
8905
8925
8945
8965
8985
9005
9025
9045
9065
9085
9105
9125
9145
9165
9185
9205
9225
9245
9265
9285
9305
9325
9345
9365
9385
9405
9425
9445
9465
9485
9505
9525
9545
9565
9585
9605
9625
9645
9665
9685
9705
9725
9745
9765
9785
9805
9825
9845
9865
9885
9905
9925
9945
9965
9985
10005
10025
10045
10065
10085
10105
10125
10145
0, 191, 12/01/2018, NULO, DRACENA, FURTO (ART. 155) - OUTROS, XIAOMI
compare: 0
offset seek3: 4211
offset seek4: 4211
0, 106, 12/01/2018, 155, TUPA, NULO, OUTROS
compare: 0
offset seek3: 12736
offset seek4: 12736
0, 149, 12/01/2018, 155, EMBU DAS ARTES, FURTO (ART. 155) - ESTABELECIMENTO COMERCIAL, NULO
compare: 0
offset seek3: 22971
offset seek4: 22971
0, 143, 12/01/2018, 155, REGISTRO, FURTO (ART. 155) - TRANSEUNTE, NULO
compare: 0
offset seek3: 32605
offset seek4: 32605
0, 114, 12/01/2018, 155, JABOTICABAL, NULO, NULO
compare: 0
offset seek3: 41298
offset seek4: 41298
0, 130, 12/01/2018, 155, SANTANA DE PARNAIBA, NULO, APPLE
compare: 0
offset seek3: 46544
offset seek4: 46544
0, 115, 12/01/2018, 155, GUARATINGUETA, NULO, MOTOROLA
compare: 0
offset seek3: 49232
offset seek4: 49232
0, 158, 12/01/2018, 155, ITANHAEM, FURTO QUALIFICADO (ART. 155) - RESIDENCIA, NULO
compare: 0
offset seek3: 54616
offset seek4: 54616
0, 170, 12/01/2018, NULO, SOROCABA, FURTO (ART. 155) - OUTROS, NULO
compare: 0
offset seek3: 55685
offset seek4: 55685
0, 117, 12/01/2018, 147, SAO JOAQUIM DA BARRA, NULO, NULO
compare: 0
offset seek3: 57141
offset seek4: 57141
0, 148, 12/01/2018, 155, APARECIDA, FURTO (ART. 155) - OUTROS, NULO
compare: 0
offset seek3: 57279
offset seek4: 57279
0, 197, 12/01/2018, NULO, ARARAQUARA, FURTO (ART. 155) - TRANSEUNTE, LG
compare: 0
offset seek3: 58039
offset seek4: 58039
0, 81, 12/01/2018, 155, SANTANA DE PARNAIBA, NULO, LG
compare: 0
offset seek3: 59441
offset seek4: 59441
0, 118, 12/01/2018, 155, SAO JOAQUIM DA BARRA, NULO, LENOVO
compare: 0
offset seek3: 60493
offset seek4: 60493
found: 0
header: 1 102077 1531 1023
header: 1 102077 1531 1023
deleted: 0
Registro inexistente.
Resposta para a deleção 4
5
25
45
65
85
105
125
145
165
185
205
225
245
265
285
305
325
345
365
385
405
425
445
465
485
505
525
545
565
585
605
625
645
665
685
705
725
745
765
785
805
825
845
865
885
905
925
945
965
985
1005
1025
1045
1065
1085
1105
1125
1145
1165
1185
1205
1225
1245
1265
1285
1305
1325
1345
1365
1385
1405
1425
1445
1465
1485
1505
1525
1545
1565
1585
1605
1625
1645
1665
1685
1705
1725
1745
1765
1785
1805
1825
1845
1865
1885
1905
1925
1945
1965
1985
2005
2025
2045
2065
2085
2105
2125
2145
2165
2185
2205
2225
2245
2265
2285
2305
2325
2345
2365
2385
2405
2425
2445
2465
2485
2505
2525
2545
2565
2585
2605
2625
2645
2665
2685
2705
2725
2745
2765
2785
2805
2825
2845
2865
2885
2905
2925
2945
2965
2985
3005
3025
3045
3065
3085
3105
3125
3145
3165
3185
3205
3225
3245
3265
3285
3305
3325
3345
3365
3385
3405
3425
3445
3465
3485
3505
3525
3545
3565
3585
3605
3625
3645
3665
3685
3705
3725
3745
3765
3785
3805
3825
3845
3865
3885
3905
3925
3945
3965
3985
4005
4025
4045
4065
4085
4105
4125
4145
4165
4185
4205
4225
4245
4265
4285
4305
4325
4345
4365
4385
4405
4425
4445
4465
4485
4505
4525
4545
4565
4585
4605
4625
4645
4665
4685
4705
4725
4745
4765
4785
4805
4825
4845
4865
4885
4905
4925
4945
4965
4985
5005
5025
5045
5065
5085
5105
5125
5145
5165
5185
5205
5225
5245
5265
5285
5305
5325
5345
5365
5385
5405
5425
5445
5465
5485
5505
5525
5545
5565
5585
5605
5625
5645
5665
5685
5705
5725
5745
5765
5785
5805
5825
5845
5865
5885
5905
5925
5945
5965
5985
6005
6025
6045
6065
6085
6105
6125
6145
6165
6185
6205
6225
6245
6265
6285
6305
6325
6345
6365
6385
6405
6425
6445
6465
6485
6505
6525
6545
6565
6585
6605
6625
6645
6665
6685
6705
6725
6745
6765
6785
6805
6825
6845
6865
6885
6905
6925
6945
6965
6985
7005
7025
7045
7065
7085
7105
7125
7145
7165
7185
7205
7225
7245
7265
7285
7305
7325
7345
7365
7385
7405
7425
7445
7465
7485
7505
7525
7545
7565
7585
7605
7625
7645
7665
7685
7705
7725
7745
7765
7785
7805
7825
7845
7865
7885
7905
7925
7945
7965
7985
8005
8025
8045
8065
8085
8105
8125
8145
8165
8185
8205
8225
8245
8265
8285
8305
8325
8345
8365
8385
8405
8425
8445
8465
8485
8505
8525
8545
8565
8585
8605
8625
8645
8665
8685
8705
8725
8745
8765
8785
8805
8825
8845
8865
8885
8905
8925
8945
8965
8985
9005
9025
9045
9065
9085
9105
9125
9145
9165
9185
9205
9225
9245
9265
9285
9305
9325
9345
9365
9385
9405
9425
9445
9465
9485
9505
9525
9545
9565
9585
9605
9625
9645
9665
9685
9705
9725
9745
9765
9785
9805
9825
9845
9865
9885
9905
9925
9945
9965
9985
10005
10025
10045
10065
10085
10105
10125
10145
0, 925, 01/01/2020, 157, UBATUBA, ROUBO (ART. 157) - TRANSEUNTE, APPLE
compare: 0
offset seek3: 1981
offset seek4: 1981
0, 886, 01/01/2020, 157, ITAQUAQUECETUBA, ROUBO (ART. 157) - VEICULO, LG
compare: 1
0, 886, 01/01/2020, 157, ITAQUAQUECETUBA, ROUBO (ART. 157) - VEICULO, LG
offset seek3: 2233
offset seek4: 2233
0, 944, 01/01/2020, 157, SANTOS, ROUBO (ART. 157) - TRANSEUNTE, APPLE
compare: 1
0, 944, 01/01/2020, 157, SANTOS, ROUBO (ART. 157) - TRANSEUNTE, APPLE
offset seek3: 7225
offset seek4: 7225
0, 936, 01/01/2020, 157, SANTOS, ROUBO (ART. 157) - OUTROS, OUTROS
compare: 1
0, 936, 01/01/2020, 157, SANTOS, ROUBO (ART. 157) - OUTROS, OUTROS
offset seek3: 8232
offset seek4: 8232
0, 835, 01/01/2020, NULO, NULO, NULO, NULO
compare: 1
0, 835, 01/01/2020, NULO, NULO, NULO, NULO
offset seek3: 8720
offset seek4: 8720
0, 819, 01/01/2020, 157, OSASCO, ROUBO (ART. 157) - INTERIOR DE VEICULO, MOTOROLA
compare: 1
0, 819, 01/01/2020, 157, OSASCO, ROUBO (ART. 157) - INTERIOR DE VEICULO, MOTOROLA
offset seek3: 19946
offset seek4: 19946
0, 833, 01/01/2020, NULO, NULO, NULO, NULO
compare: 1
0, 833, 01/01/2020, NULO, NULO, NULO, NULO
offset seek3: 23622
offset seek4: 23622
0, 866, 01/01/2020, 157, CARAGUATATUBA, ROUBO (ART. 157) - TRANSEUNTE, LG
compare: 1
0, 866, 01/01/2020, 157, CARAGUATATUBA, ROUBO (ART. 157) - TRANSEUNTE, LG
offset seek3: 28988
offset seek4: 28988
0, 902, 01/01/2020, 157, MONGAGUA, ROUBO (ART. 157) - VEICULO, APPLE
compare: 1
0, 902, 01/01/2020, 157, MONGAGUA, ROUBO (ART. 157) - VEICULO, APPLE
offset seek3: 29124
offset seek4: 29124
0, 849, 01/01/2020, 157, CARAGUATATUBA, ROUBO (ART. 157) - TRANSEUNTE, APPLE
compare: 1
0, 849, 01/01/2020, 157, CARAGUATATUBA, ROUBO (ART. 157) - TRANSEUNTE, APPLE
offset seek3: 36321
offset seek4: 36321
0, 928, 01/01/2020, 157, PERUIBE, ROUBO (ART. 157) - TRANSEUNTE, MOTOROLA
compare: 1
0, 928, 01/01/2020, 157, PERUIBE, ROUBO (ART. 157) - TRANSEUNTE, MOTOROLA
offset seek3: 37072
offset seek4: 37072
0, 920, 01/01/2020, 157, BOITUVA, ROUBO (ART. 157) - VEICULO, LG
compare: 1
0, 920, 01/01/2020, 157, BOITUVA, ROUBO (ART. 157) - VEICULO, LG
offset seek3: 37481
offset seek4: 37481
0, 808, 01/01/2020, 157, CARAPICUIBA, ROUBO (ART. 157) - VEICULO, MOTOROLA
compare: 1
0, 808, 01/01/2020, 157, CARAPICUIBA, ROUBO (ART. 157) - VEICULO, MOTOROLA
offset seek3: 37964
offset seek4: 37964
0, 830, 01/01/2020, NULO, NULO, NULO, NULO
compare: 1
0, 830, 01/01/2020, NULO, NULO, NULO, NULO
offset seek3: 38468
offset seek4: 38468
0, 878, 01/01/2020, 157, SAO VICENTE, ROUBO (ART. 157) - TRANSEUNTE, MOTOROLA
compare: 1
0, 878, 01/01/2020, 157, SAO VICENTE, ROUBO (ART. 157) - TRANSEUNTE, MOTOROLA
offset seek3: 38813
offset seek4: 38813
0, 836, 01/01/2020, NULO, NULO, NULO, NULO
compare: 1
0, 836, 01/01/2020, NULO, NULO, NULO, NULO
offset seek3: 40593
offset seek4: 40593
0, 887, 01/01/2020, 157, ITAQUAQUECETUBA, ROUBO (ART. 157) - VEICULO, MOTOROLA
compare: 1
0, 887, 01/01/2020, 157, ITAQUAQUECETUBA, ROUBO (ART. 157) - VEICULO, MOTOROLA
offset seek3: 40799
offset seek4: 40799
0, 889, 01/01/2020, 157, ITAQUAQUECETUBA, ROUBO (ART. 157) - VEICULO, MOTOROLA
compare: 1
0, 889, 01/01/2020, 157, ITAQUAQUECETUBA, ROUBO (ART. 157) - VEICULO, MOTOROLA
offset seek3: 41885
offset seek4: 41885
0, 812, 01/01/2020, 157, COTIA, ROUBO (ART. 157) - VEICULO, MOTOROLA
compare: 1
0, 812, 01/01/2020, 157, COTIA, ROUBO (ART. 157) - VEICULO, MOTOROLA
offset seek3: 42324
offset seek4: 42324
0, 841, 01/01/2020, NULO, NULO, NULO, NULO
compare: 1
0, 841, 01/01/2020, NULO, NULO, NULO, NULO
offset seek3: 43741
offset seek4: 43741
0, 846, 01/01/2020, NULO, NULO, NULO, NULO
compare: 1
0, 846, 01/01/2020, NULO, NULO, NULO, NULO
offset seek3: 47430
offset seek4: 47430
0, 798, 01/01/2020, 157, CARAGUATATUBA, ROUBO (ART. 157) - OUTROS, XIAOMI
compare: 1
0, 798, 01/01/2020, 157, CARAGUATATUBA, ROUBO (ART. 157) - OUTROS, XIAOMI
offset seek3: 49053
offset seek4: 49053
0, 818, 01/01/2020, 157, OSASCO, ROUBO (ART. 157) - INTERIOR DE VEICULO, LENOVO
compare: 1
0, 818, 01/01/2020, 157, OSASCO, ROUBO (ART. 157) - INTERIOR DE VEICULO, LENOVO
offset seek3: 53111
offset seek4: 53111
0, 825, 01/01/2020, 157, GUARUJA, ROUBO (ART. 157) - TRANSEUNTE, APPLE
compare: 1
0, 825, 01/01/2020, 157, GUARUJA, ROUBO (ART. 157) - TRANSEUNTE, APPLE
offset seek3: 58750
offset seek4: 58750
0, 845, 01/01/2020, NULO, NULO, NULO, NULO
compare: 1
0, 845, 01/01/2020, NULO, NULO, NULO, NULO
offset seek3: 62234
offset seek4: 62234
0, 916, 01/01/2020, 157, ITATIBA, ROUBO (ART. 157) - OUTROS, XIAOMI
compare: 1
0, 916, 01/01/2020, 157, ITATIBA, ROUBO (ART. 157) - OUTROS, XIAOMI
offset seek3: 67769
offset seek4: 67769
0, 842, 01/01/2020, NULO, NULO, NULO, NULO
compare: 1
0, 842, 01/01/2020, NULO, NULO, NULO, NULO
offset seek3: 67970
offset seek4: 67970
0, 852, 01/01/2020, 157, MONGAGUA, ROUBO (ART. 157) - OUTROS, MOTOROLA
compare: 1
0, 852, 01/01/2020, 157, MONGAGUA, ROUBO (ART. 157) - OUTROS, MOTOROLA
offset seek3: 72099
offset seek4: 72099
0, 817, 01/01/2020, 157, OSASCO, ROUBO (ART. 157) - INTERIOR DE VEICULO, APPLE
compare: 1
0, 817, 01/01/2020, 157, OSASCO, ROUBO (ART. 157) - INTERIOR DE VEICULO, APPLE
offset seek3: 73444
offset seek4: 73444
0, 828, 01/01/2020, NULO, NULO, NULO, NULO
compare: 1
0, 828, 01/01/2020, NULO, NULO, NULO, NULO
offset seek3: 74575
offset seek4: 74575
0, 898, 01/01/2020, 157, CAMPINAS, ROUBO (ART. 157) - VEICULO, MOTOROLA
compare: 1
0, 898, 01/01/2020, 157, CAMPINAS, ROUBO (ART. 157) - VEICULO, MOTOROLA
offset seek3: 74991
offset seek4: 74991
0, 804, 01/01/2020, 157, PRAIA GRANDE, ROUBO (ART. 157) - TRANSEUNTE, ALCATEL
compare: 1
0, 804, 01/01/2020, 157, PRAIA GRANDE, ROUBO (ART. 157) - TRANSEUNTE, ALCATEL
offset seek3: 75109
offset seek4: 75109
0, 840, 01/01/2020, NULO, NULO, NULO, NULO
compare: 1
0, 840, 01/01/2020, NULO, NULO, NULO, NULO
offset seek3: 77077
offset seek4: 77077
0, 853, 01/01/2020, 157, GUARUJA, ROUBO (ART. 157) - TRANSEUNTE, APPLE
compare: 1
0, 853, 01/01/2020, 157, GUARUJA, ROUBO (ART. 157) - TRANSEUNTE, APPLE
offset seek3: 78400
offset seek4: 78400
0, 847, 01/01/2020, NULO, NULO, NULO, NULO
compare: 1
0, 847, 01/01/2020, NULO, NULO, NULO, NULO
offset seek3: 83929
offset seek4: 83929
0, 950, 01/01/2020, 157, MONGAGUA, ROUBO (ART. 157) - OUTROS, MOTOROLA
compare: 1
0, 950, 01/01/2020, 157, MONGAGUA, ROUBO (ART. 157) - OUTROS, MOTOROLA
offset seek3: 89296
offset seek4: 89296
0, 809, 01/01/2020, 157, RIBEIRAO PRETO, ROUBO (ART. 157) - TRANSEUNTE, MOTOROLA
compare: 1
0, 809, 01/01/2020, 157, RIBEIRAO PRETO, ROUBO (ART. 157) - TRANSEUNTE, MOTOROLA
offset seek3: 89973
offset seek4: 89973
0, 827, 01/01/2020, NULO, NULO, NULO, NULO
compare: 1
0, 827, 01/01/2020, NULO, NULO, NULO, NULO
offset seek3: 90325
offset seek4: 90325
0, 870, 01/01/2020, 157, UBATUBA, ROUBO (ART. 157) - OUTROS, APPLE
compare: 1
0, 870, 01/01/2020, 157, UBATUBA, ROUBO (ART. 157) - OUTROS, APPLE
offset seek3: 93634
offset seek4: 93634
0, 953, 01/01/2020, 157, PRAIA GRANDE, ROUBO (ART. 157) - VEICULO, XIAOMI
compare: 1
0, 953, 01/01/2020, 157, PRAIA GRANDE, ROUBO (ART. 157) - VEICULO, XIAOMI
offset seek3: 93922
offset seek4: 93922
0, 863, 01/01/2020, 157, DIADEMA, ROUBO (ART. 157) - TRANSEUNTE, MOTOROLA
compare: 1
0, 863, 01/01/2020, 157, DIADEMA, ROUBO (ART. 157) - TRANSEUNTE, MOTOROLA
offset seek3: 94374
offset seek4: 94374
0, 891, 01/01/2020, 157, SAO JOSE DO RIO PRETO, ROUBO (ART. 157) - TRANSEUNTE, MOTOROLA
compare: 1
0, 891, 01/01/2020, 157, SAO JOSE DO RIO PRETO, ROUBO (ART. 157) - TRANSEUNTE, MOTOROLA
offset seek3: 96189
offset seek4: 96189
0, 829, 01/01/2020, NULO, NULO, NULO, NULO
compare: 1
0, 829, 01/01/2020, NULO, NULO, NULO, NULO
offset seek3: 96656
offset seek4: 96656
0, 864, 01/01/2020, 157, JAU, ROUBO (ART. 157) - OUTROS, OUTROS
compare: 1
0, 864, 01/01/2020, 157, JAU, ROUBO (ART. 157) - OUTROS, OUTROS
offset seek3: 97162
offset seek4: 97162
0, 843, 01/01/2020, NULO, NULO, NULO, NULO
compare: 1
0, 843, 01/01/2020, NULO, NULO, NULO, NULO
offset seek3: 97196
offset seek4: 97196
found: 44
header: 1 102077 1531 1023
header: 1 102077 1531 1067
deleted: 44
refazendo index
61576.290000
