./main
parameter = 0

 offset = 17Read = 445
445

offset = 22
Read = 842084149
842084149

offset = 27
Read = 942747698
942747698

offset = 32
Read = 1392508928
1392508928

offset = 37
Read = 1314214733
1314214733

offset = 42
Read = 606348324
606348324

offset = 47
Read = 542064979
542064979

offset = 52
Read = 1330402625
1330402625

offset = 57
Read = 1414681926
1414681926

offset = 62
Read = 1380001824
1380001824

offset = 67
Read = 892411950
892411950

offset = 72
Read = 539828265
539828265

offset = 77
Read = 1330795605
1330795605

offset = 82
Read = 1060119420
1060119420

offset = 87
Read = 808648704
808648704

offset = 92
Read = 841953585
841953585

offset = 97
Read = 10172465
10172465

offset = 102
Read = 1414483200
1414483200

offset = 107
Read = 1095520082
1095520082

offset = 112
Read = 2082743332
2082743332

offset = 117
Read = 1330926165
1330926165

offset = 122
Read = 1414676776
1414676776

offset = 127
Read = 892678432
892678432

offset = 132
Read = 1327508768
1327508768

offset = 137
Read = 1397707348
1397707348

offset = 142
Read = 32714787
32714787

offset = 147
Read = 792080896
792080896

offset = 152
Read = 808595249
808595249

offset = 157
Read = 39737
39737

offset = 162
Read = 606357324
606357324

offset = 167
Read = 606348324
606348324

offset = 172
Read = 1095967780
1095967780

offset = 177
Read = 1430343712
1430343712

offset = 182
Read = 1430682703
1430682703

offset = 187
Read = 673206100
673206100

offset = 192
Read = 539907154
539907154

offset = 197
Read = 539571509
539571509

offset = 202
Read = 1414743328
1414743328

offset = 207
Read = 1162626370
1162626370

offset = 212
Read = 1313164617
1313164617

offset = 217
Read = 1329799247
1329799247

offset = 222
Read = 1229148741
1229148741

offset = 227
Read = 807631948
807631948

offset = 232
Read = 805306373
805306373

offset = 237
Read = 791752751
791752751

offset = 242
Read = -1657720272
-1657720272

offset = 247
Read = 1346437120
1346437120

offset = 252
Read = 606356812
606356812

offset = 257
Read = 606348324
606348324

offset = 262
Read = 1330925121
1330925121

offset = 267
Read = 1431261820
1431261820

offset = 272
Read = 1093148751
1093148751

offset = 277
Read = 824192596
824192596

offset = 282
Read = 757082423
757082423

offset = 287
Read = 1381258575
1381258575

offset = 292
Read = 807631955
807631955

offset = 297
Read = 838860804
838860804

offset = 302
Read = 791753007
791753007

offset = 307
Read = -1691274704
-1691274704

offset = 312
Read = 1095958528
1095958528

offset = 317
Read = 1196315987
1196315987

offset = 322
Read = 606348324
606348324

offset = 327
Read = 1162887508
1162887508

offset = 332
Read = 1430682697
1430682697

offset = 337
Read = 673206100
673206100

offset = 342
Read = 539907154
539907154

offset = 347
Read = 539571509
539571509

offset = 352
Read = 1414876960
1414876960

offset = 357
Read = 595350351
595350351

offset = 362
Read = 1309
1309

offset = 367
Read = 825241394
825241394

offset = 372
Read = 825372722
825372722

offset = 377
Read = 1275068416
1275068416

offset = 382
Read = 606348324
606348324

offset = 387
Read = 606348324
606348324

offset = 392
Read = 542064979
542064979

offset = 397
Read = 1330402625
1330402625

offset = 402
Read = 1414681926
1414681926

offset = 407
Read = 1380001824
1380001824

offset = 412
Read = 892411950
892411950

offset = 417
Read = 539828265
539828265

offset = 422
Read = 1330795605
1330795605

offset = 427
Read = -1859116164
-1859116164

offset = 432
Read = 825425920
825425920

offset = 437
Read = 841953584
841953584

offset = 442
Read = 10172721
10172721

offset = 447
Read = 1414483200
1414483200

offset = 452
Read = 1095520082
1095520082

offset = 457
Read = 1394877476
1394877476

offset = 462
Read = 1095770191
1095770191

offset = 467
Read = 1182551884
1182551884

offset = 472
Read = 542069842
542069842

offset = 477
Read = 777278017
777278017

offset = 482
Read = 691352881
691352881

offset = 487
Read = 1431248941
1431248941

offset = 492
Read = 2085834578
2085834578

offset = 497
Read = 383792
383792

offset = 502
Read = 808400946
808400946

offset = 507
Read = 842019375
842019375

offset = 512
Read = 157
157

offset = 517
Read = 1431522625
1431522625

offset = 522
Read = 606348359
606348359

offset = 527
Read = 1313427492
1313427492

offset = 532
Read = 1313819969
1313819969

offset = 537
Read = 1095192129
1095192129

offset = 542
Read = 1330805825
1330805825

offset = 547
Read = 673206082
673206082

offset = 552
Read = 539907154
539907154

offset = 557
Read = 539572021
539572021

offset = 562
Read = 1095914528
1095914528

offset = 567
Read = 1314211155
1314211155

offset = 572
Read = 807631941
807631941

offset = 577
Read = 855638017
855638017

offset = 582
Read = 791949359
791949359

offset = 587
Read = -1657261776
-1657261776

offset = 592
Read = 1330446336
1330446336

offset = 597
Read = 1280266831
1280266831

offset = 602
Read = 606348324
606348324

offset = 607
Read = 1344294721
1344294721

offset = 612
Read = 2085571669
2085571669

offset = 617
Read = 67186723
67186723

offset = 622
Read = 791687680
791687680

offset = 627
Read = 808595256
808595256

offset = 632
Read = 39728
39728

offset = 637
Read = 1330925389
1330925389

offset = 642
Read = 608259151
608259151

offset = 647
Read = 1095967780
1095967780

offset = 652
Read = 1226850644
1226850644

offset = 657
Read = 1279607361
1279607361

offset = 662
Read = 1414681926
1414681926

offset = 667
Read = 1380001824
1380001824

offset = 672
Read = 892411950
892411950

offset = 677
Read = 539828265
539828265

offset = 682
Read = 1330795605
1330795605

offset = 687
Read = -550493316
-550493316

offset = 692
Read = 825425920
825425920

offset = 697
Read = 841955376
841955376

offset = 702
Read = 10170418
10170418

offset = 707
Read = 1296126720
1296126720

offset = 712
Read = 608652885
608652885

offset = 717
Read = 1193550884
1193550884

offset = 722
Read = 1280660033
1280660033

offset = 727
Read = 1182552911
1182552911

offset = 732
Read = 542069842
542069842

offset = 737
Read = 777278017
777278017

offset = 742
Read = 691352881
691352881

offset = 747
Read = 1431248941
1431248941

offset = 752
Read = 2085834578
2085834578

offset = 757
Read = 228656
228656

offset = 762
Read = 825176371
825176371

offset = 767
Read = 825242159
825242159

offset = 772
Read = 157
157

offset = 777
Read = 1431522625
1431522625

offset = 782
Read = 606348359
606348359

offset = 787
Read = 1329681188
1329681188

offset = 792
Read = 1280655696
1280655696

offset = 797
Read = 1431261820
1431261820

offset = 802
Read = 1093148751
1093148751

offset = 807
Read = 824192596
824192596

offset = 812
Read = 757082423
757082423

offset = 817
Read = 1312903764
1312903764

offset = 822
Read = 1414419781
1414419781

offset = 827
Read = -164617348
-164617348

offset = 832
Read = 825425920
825425920

offset = 837
Read = 841955376
841955376

offset = 842
Read = 10303793
10303793

offset = 847
Read = 608652288
608652288

offset = 852
Read = 606348324
606348324

offset = 857
Read = 1394877476
1394877476

offset = 862
Read = 1095770191
1095770191

offset = 867
Read = 1383878476
1383878476

offset = 872
Read = 542065237
542065237

offset = 877
Read = 777278017
777278017

offset = 882
Read = 691483953
691483953

offset = 887
Read = 1431248941
1431248941

offset = 892
Read = 2085834578
2085834578

offset = 897
Read = 170544
170544

offset = 902
Read = 808401202
808401202

offset = 907
Read = 825242159
825242159

offset = 912
Read = 157
157

offset = 917
Read = 1431522625
1431522625

offset = 922
Read = 606348359
606348359

offset = 927
Read = 1329681188
1329681188

offset = 932
Read = 1280655696
1280655696

offset = 937
Read = 1431261820
1431261820

offset = 942
Read = 1093148751
1093148751

offset = 947
Read = 824192596
824192596

offset = 952
Read = 757082423
757082423

offset = 957
Read = 1312903764
1312903764

offset = 962
Read = 1414419781
1414419781

offset = 967
Read = -617602180
-617602180

offset = 972
Read = 825425920
825425920

offset = 977
Read = 841955376
841955376

offset = 982
Read = 10303793
10303793

offset = 987
Read = 606348288
606348288

offset = 992
Read = 606348324
606348324

offset = 997
Read = 1394877476
1394877476

offset = 1002
Read = 1094930258
1094930258

offset = 1007
Read = 1330805825
1330805825

offset = 1012
Read = 673206082
673206082

offset = 1017
Read = 539907154
539907154

offset = 1022
Read = 539572021
539572021

offset = 1027
Read = 1414876960
1414876960

offset = 1032
Read = 595350351
595350351

offset = 1037
Read = 517
517

offset = 1042
Read = 825241399
825241399

offset = 1047
Read = 959524914
959524914

offset = 1052
Read = 1291845632
1291845632

offset = 1057
Read = 1330794324
1330794324

offset = 1062
Read = 606348353
606348353

offset = 1067
Read = 1312903750
1312903750

offset = 1072
Read = 1094983759
1094983759

offset = 1077
Read = 1212370770
1212370770

offset = 1082
Read = 1381320316
1381320316

offset = 1087
Read = 1093148751
1093148751

offset = 1092
Read = 824192596
824192596

offset = 1097
Read = 757082421
757082421

offset = 1102
Read = 1230194002
1230194002

offset = 1107
Read = 1229147717
1229147717

offset = 1112
Read = 1445995388
1445995388

offset = 1117
Read = 959578112
959578112

offset = 1122
Read = 841955376
841955376

offset = 1127
Read = 10303793
10303793

offset = 1132
Read = 1414483200
1414483200

offset = 1137
Read = 1095520082
1095520082

offset = 1142
Read = 1394877476
1394877476

offset = 1147
Read = 1095770191
1095770191

offset = 1152
Read = 1383878476
1383878476

offset = 1157
Read = 542065237
542065237

offset = 1162
Read = 777278017
777278017

offset = 1167
Read = 691483953
691483953

offset = 1172
Read = 1431248941
1431248941

offset = 1177
Read = 2085834578
2085834578

offset = 1182
Read = 101424
101424

offset = 1187
Read = 808399155
808399155

offset = 1192
Read = 825242159
825242159

offset = 1197
Read = 155
155

offset = 1202
Read = 1431522625
1431522625

offset = 1207
Read = 606348359
606348359

offset = 1212
Read = 1329681188
1329681188

offset = 1217
Read = 1280655696
1280655696

offset = 1222
Read = 1381320316
1381320316

offset = 1227
Read = 1093148751
1093148751

offset = 1232
Read = 824192596
824192596

offset = 1237
Read = 757082421
757082421

offset = 1242
Read = 1381258575
1381258575

offset = 1247
Read = 807631955
807631955

offset = 1252
Read = 855638019
855638019

offset = 1257
Read = 791818543
791818543

offset = 1262
Read = -1657196240
-1657196240

offset = 1267
Read = 1095958528
1095958528

offset = 1272
Read = 1196315987
1196315987

offset = 1277
Read = 606348324
606348324

offset = 1282
Read = 1344294721
1344294721

offset = 1287
Read = 2085571669
2085571669

offset = 1292
Read = 1329747279
1329747279

offset = 1297
Read = 1414676776
1414676776

offset = 1302
Read = 926232864
926232864

offset = 1307
Read = 1327508768
1327508768

offset = 1312
Read = 1397707348
1397707348

offset = 1317
Read = 10170403
10170403

offset = 1322
Read = 791687936
791687936

offset = 1327
Read = 808595249
808595249

offset = 1332
Read = 39736
39736

offset = 1337
Read = 606348324
606348324

offset = 1342
Read = 606348324
606348324

offset = 1347
Read = 1095967780
1095967780

offset = 1352
Read = 1430343712
1430343712

offset = 1357
Read = 1430682703
1430682703

offset = 1362
Read = 673206100
673206100

offset = 1367
Read = 539907154
539907154

offset = 1372
Read = 539571509
539571509

offset = 1377
Read = 1414876960
1414876960

offset = 1382
Read = 595350351
595350351

offset = 1387
Read = 1080
1080

offset = 1392
Read = 942681913
942681913

offset = 1397
Read = 808595506
808595506

offset = 1402
Read = 603979776
603979776

offset = 1407
Read = 606348324
606348324

offset = 1412
Read = 606348324
606348324

offset = 1417
Read = 1329742164
1329742164

offset = 1422
Read = 1094983759
1094983759

offset = 1427
Read = 1381123411
1381123411

offset = 1432
Read = 1381320316
1381320316

offset = 1437
Read = 1093148751
1093148751

offset = 1442
Read = 824192596
824192596

offset = 1447
Read = 757082421
757082421

offset = 1452
Read = 1163152969
1163152969

offset = 1457
Read = 542265161
542265161

offset = 1462
Read = 1111577683
1111577683

offset = 1467
Read = 1229145420
1229145420

offset = 1472
Read = 1330925125
1330925125

offset = 1477
Read = 49885219
49885219

offset = 1482
Read = 792276992
792276992

offset = 1487
Read = 808595249
808595249

offset = 1492
Read = 40249
40249

offset = 1497
Read = 1397571923
1397571923

offset = 1502
Read = 606357326
606357326

offset = 1507
Read = 1095967780
1095967780

offset = 1512
Read = 1430343712
1430343712

offset = 1517
Read = 1330805839
1330805839

offset = 1522
Read = 673206082
673206082

offset = 1527
Read = 539907154
539907154

offset = 1532
Read = 539572021
539572021

offset = 1537
Read = 1414876960
1414876960

offset = 1542
Read = 595350351
595350351

offset = 1547
Read = 1001
1001

offset = 1552
Read = 942681904
942681904

offset = 1557
Read = 808595506
808595506

offset = 1562
Read = 1392508928
1392508928

offset = 1567
Read = 1314214733
1314214733

offset = 1572
Read = 606348324
606348324

offset = 1577
Read = 1229017680
1229017680

offset = 1582
Read = 1095911200
1095911200

offset = 1587
Read = 1182549316
1182549316

offset = 1592
Read = 542069842
542069842

offset = 1597
Read = 777278017
777278017

offset = 1602
Read = 691352881
691352881

offset = 1607
Read = 1431248941
1431248941

offset = 1612
Read = 2085834578
2085834578

offset = 1617
Read = 187952
187952

offset = 1622
Read = 808401200
808401200

offset = 1627
Read = 825242159
825242159

offset = 1632
Read = 157
157

offset = 1637
Read = 606348324
606348324

offset = 1642
Read = 606348324
606348324

offset = 1647
Read = 1329681188
1329681188

offset = 1652
Read = 1280655696
1280655696

offset = 1657
Read = 1431261820
1431261820

offset = 1662
Read = 1093148751
1093148751

offset = 1667
Read = 824192596
824192596

offset = 1672
Read = 757082423
757082423

offset = 1677
Read = 1312903764
1312903764

offset = 1682
Read = 1414419781
1414419781

offset = 1687
Read = -1473240196
-1473240196

offset = 1692
Read = 959447040
959447040

offset = 1697
Read = 841953584
841953584

offset = 1702
Read = -50895
-50895

offset = 1707
Read = 1296126975
1296126975

offset = 1712
Read = 608652885
608652885

offset = 1717
Read = 2082743332
2082743332

offset = 1722
Read = 1329747279
1329747279

offset = 1727
Read = 1414676776
1414676776

offset = 1732
Read = 926232864
926232864

offset = 1737
Read = 1226845472
1226845472

offset = 1742
Read = 1230128468
1230128468

offset = 1747
Read = 1162092626
1162092626

offset = 1752
Read = 1128875350
1128875350

offset = 1757
Read = 595349324
595349324

offset = 1762
Read = 1265
1265

offset = 1767
Read = 825306936
825306936

offset = 1772
Read = 825372722
825372722

offset = 1777
Read = 1090519040
1090519040

offset = 1782
Read = 608521296
608521296

offset = 1787
Read = 606348324
606348324

offset = 1792
Read = 542064979
542064979

offset = 1797
Read = 1330402625
1330402625

offset = 1802
Read = 1414681926
1414681926

offset = 1807
Read = 1380001824
1380001824

offset = 1812
Read = 892411950
892411950

offset = 1817
Read = 539828265
539828265

offset = 1822
Read = 1330795605
1330795605

offset = 1827
Read = 389030780
389030780

offset = 1832
Read = 808648704
808648704

offset = 1837
Read = 841954352
841954352

offset = 1842
Read = 10303537
10303537

offset = 1847
Read = 1431519488
1431519488

offset = 1852
Read = 606348324
606348324

offset = 1857
Read = 1394877476
1394877476

offset = 1862
Read = 1095770191
1095770191

offset = 1867
Read = 2088521548
2088521548

offset = 1872
Read = 23088
23088

offset = 1877
Read = 825178417
825178417

offset = 1882
Read = 825242159
825242159

offset = 1887
Read = 155
155

offset = 1892
Read = 606348359
606348359

offset = 1897
Read = 606348324
606348324

offset = 1902
Read = 1329681188
1329681188

offset = 1907
Read = 1280655696
1280655696

offset = 1912
Read = 807631996
807631996

offset = 1917
Read = 855638016
855638016

offset = 1922
Read = 791753007
791753007

offset = 1927
Read = -13094608
-13094608

offset = 1932
Read = 1330511871
1330511871

offset = 1937
Read = 1280266831
1280266831

offset = 1942
Read = 606348324
606348324

offset = 1947
Read = 1182553428
1182553428

offset = 1952
Read = 542069842
542069842

offset = 1957
Read = 777278017
777278017

offset = 1962
Read = 691352881
691352881

offset = 1967
Read = 1431248941
1431248941

offset = 1972
Read = 2085834578
2085834578

offset = 1977
Read = 333104
333104

offset = 1982
Read = 808399409
808399409

offset = 1987
Read = 842019375
842019375

offset = 1992
Read = 155
155

offset = 1997
Read = 1162629200
1162629200

offset = 2002
Read = 606348324
606348324

offset = 2007
Read = 1096107812
1096107812

offset = 2012
Read = 1330138197
1330138197

offset = 2017
Read = 1381320316
1381320316

offset = 2022
Read = 1093148751
1093148751

offset = 2027
Read = 824192596
824192596

offset = 2032
Read = 757082421
757082421

offset = 2037
Read = 1381258575
1381258575

offset = 2042
Read = 807631955
807631955

offset = 2047
Read = 838860805
838860805

offset = 2052
Read = 791818287
791818287

offset = 2057
Read = -1657720272
-1657720272

offset = 2062
Read = 1330446336
1330446336

offset = 2067
Read = 1280266831
1280266831

offset = 2072
Read = 606348324
606348324

offset = 2077
Read = 1344294721
1344294721

offset = 2082
Read = 2085571669
2085571669

offset = 2087
Read = 1329747279
1329747279

offset = 2092
Read = 1414676776
1414676776

offset = 2097
Read = 926232864
926232864

offset = 2102
Read = 1159736608
1159736608

offset = 2107
Read = 1161970004
1161970004

offset = 2112
Read = 1296646981
1296646981

offset = 2117
Read = 542069838
542069838

offset = 2122
Read = 1380273487
1380273487

offset = 2127
Read = 2085372233
2085372233

offset = 2132
Read = 76848
76848

offset = 2137
Read = 808398899
808398899

offset = 2142
Read = 825242159
825242159

offset = 2147
Read = 157
157

offset = 2152
Read = 1431522625
1431522625

offset = 2157
Read = 606348359
606348359

offset = 2162
Read = 1329681188
1329681188

offset = 2167
Read = 1280655696
1280655696

offset = 2172
Read = 807631996
807631996

offset = 2177
Read = 855638018
855638018

offset = 2182
Read = 792145967
792145967

offset = 2187
Read = -1657196240
-1657196240

offset = 2192
Read = 1330446336
1330446336

offset = 2197
Read = 1280266831
1280266831

offset = 2202
Read = 606348324
606348324

offset = 2207
Read = 1346458177
1346458177

offset = 2212
Read = 1112102211
1112102211

offset = 2217
Read = 1431261820
1431261820

offset = 2222
Read = 1093148751
1093148751

offset = 2227
Read = 824192596
824192596

offset = 2232
Read = 757082423
757082423

offset = 2237
Read = 1381258575
1381258575

offset = 2242
Read = 807631955
807631955

offset = 2247
Read = 838860804
838860804

offset = 2252
Read = 792211503
792211503

offset = 2257
Read = -1691340240
-1691340240

offset = 2262
Read = 1330446336
1330446336

offset = 2267
Read = 1280266831
1280266831

offset = 2272
Read = 606348324
606348324

offset = 2277
Read = 1213088084
1213088084

offset = 2282
Read = 1182551365
1182551365

offset = 2287
Read = 542069842
542069842

offset = 2292
Read = 777278017
777278017

offset = 2297
Read = 691352881
691352881

offset = 2302
Read = 1313415213
1313415213

offset = 2307
Read = 1330205253
1330205253

offset = 2312
Read = 1414743328
1414743328

offset = 2317
Read = 1162626370
1162626370

offset = 2322
Read = 1313164617
1313164617

offset = 2327
Read = 807631951
807631951

offset = 2332
Read = 838860801
838860801

offset = 2337
Read = 791949359
791949359

offset = 2342
Read = -1657261776
-1657261776

offset = 2347
Read = 1330446336
1330446336

offset = 2352
Read = 1280266831
1280266831

offset = 2357
Read = 606348324
606348324

offset = 2362
Read = 1344294721
1344294721

offset = 2367
Read = 2085571669
2085571669

offset = 2372
Read = 1329747279
1329747279

offset = 2377
Read = 1414676776
1414676776

offset = 2382
Read = 926232864
926232864

offset = 2387
Read = 1444949280
1444949280

offset = 2392
Read = 1280656201
1280656201

offset = 2397
Read = -751819908
-751819908

offset = 2402
Read = 808648704
808648704

offset = 2407
Read = 841954352
841954352

offset = 2412
Read = -51151
-51151

offset = 2417
Read = 1347437055
1347437055

offset = 2422
Read = 606348357
606348357

offset = 2427
Read = 1394877476
1394877476

offset = 2432
Read = 1095770191
1095770191

offset = 2437
Read = 1383878476
1383878476

offset = 2442
Read = 542065237
542065237

offset = 2447
Read = 777278017
777278017

offset = 2452
Read = 691483953
691483953

offset = 2457
Read = 1163272237
1163272237

offset = 2462
Read = 1330402627
1330402627

offset = 2467
Read = 38219811
38219811

offset = 2472
Read = 791687936
791687936

offset = 2477
Read = 808595256
808595256

offset = 2482
Read = 40249
40249

offset = 2487
Read = 1397571923
1397571923

offset = 2492
Read = 606357326
606357326

offset = 2497
Read = 1397695524
1397695524

offset = 2502
Read = 2085569363
2085569363

offset = 2507
Read = 1329747279
1329747279

offset = 2512
Read = 1414676776
1414676776

offset = 2517
Read = 926232864
926232864

offset = 2522
Read = 1327508768
1327508768

offset = 2527
Read = 1397707348
1397707348

offset = 2532
Read = 77869091
77869091

offset = 2537
Read = 792146432
792146432

offset = 2542
Read = 808595249
808595249

offset = 2547
Read = 39729
39729

offset = 2552
Read = 1330925389
1330925389

offset = 2557
Read = 608259151
608259151

offset = 2562
Read = 1095967780
1095967780

offset = 2567
Read = 1430343712
1430343712

offset = 2572
Read = 1430682703
1430682703

offset = 2577
Read = 673206100
673206100

offset = 2582
Read = 539907154
539907154

offset = 2587
Read = 539571509
539571509

offset = 2592
Read = 1414876960
1414876960

offset = 2597
Read = 595350351
595350351

offset = 2602
Read = 781
781

offset = 2607
Read = 842084145
842084145

offset = 2612
Read = 959524914
959524914

offset = 2617
Read = 1291845632
1291845632

offset = 2622
Read = 1330794324
1330794324

offset = 2627
Read = 606348353
606348353

offset = 2632
Read = 807631996
807631996

offset = 2637
Read = 855638018
855638018

offset = 2642
Read = 792211503
792211503

offset = 2647
Read = -1657196240
-1657196240

offset = 2652
Read = 1095958528
1095958528

offset = 2657
Read = 1196315987
1196315987

offset = 2662
Read = 606348324
606348324

offset = 2667
Read = 1109413697
1109413697

offset = 2672
Read = 1380011602
1380011602

offset = 2677
Read = 1329864783
1329864783

offset = 2682
Read = 1347240259
1347240259

offset = 2687
Read = 1431261820
1431261820

offset = 2692
Read = 1093148751
1093148751

offset = 2697
Read = 824192596
824192596

offset = 2702
Read = 757082423
757082423

offset = 2707
Read = 1128875350
1128875350

offset = 2712
Read = 595349324
595349324

offset = 2717
Read = 1076
1076

offset = 2722
Read = 942681913
942681913

offset = 2727
Read = 808595506
808595506

offset = 2732
Read = 1392508928
1392508928

offset = 2737
Read = 1314214733
1314214733

offset = 2742
Read = 606348324
606348324

offset = 2747
Read = 1161972050
1161972050

offset = 2752
Read = 542064978
542064978

offset = 2757
Read = 1330922834
1330922834

offset = 2762
Read = 1414681926
1414681926

offset = 2767
Read = 1380001824
1380001824

offset = 2772
Read = 892411950
892411950

offset = 2777
Read = 539828265
539828265

offset = 2782
Read = 1330795605
1330795605

offset = 2787
Read = -1188027524
-1188027524

offset = 2792
Read = 825425920
825425920

offset = 2797
Read = 841955376
841955376

offset = 2802
Read = -50895
-50895

offset = 2807
Read = 1296126975
1296126975

offset = 2812
Read = 608652885
608652885

offset = 2817
Read = 2082743332
2082743332

offset = 2822
Read = 1329747279
1329747279

offset = 2827
Read = 1414676776
1414676776

offset = 2832
Read = 926232864
926232864

offset = 2837
Read = 1092627744
1092627744

offset = 2842
Read = 1094928716
1094928716

offset = 2847
Read = 542070345
542070345

offset = 2852
Read = 1330454597
1330454597

offset = 2857
Read = 1145654345
1145654345

offset = 2862
Read = 1428178244
1428178244

offset = 2867
Read = 1095647554
1095647554

offset = 2872
Read = 92221475
92221475

offset = 2877
Read = 792211968
792211968

offset = 2882
Read = 808595250
808595250

offset = 2887
Read = 40241
40241

offset = 2892
Read = 1397571923
1397571923

offset = 2897
Read = 606357326
606357326

offset = 2902
Read = 1229202468
1229202468

offset = 2907
Read = 1095583044
1095583044

offset = 2912
Read = 1112887122
1112887122

offset = 2917
Read = 1380001824
1380001824

offset = 2922
Read = 892411950
892411950

offset = 2927
Read = 539828265
539828265

offset = 2932
Read = 1430473029
1430473029

offset = 2937
Read = 807631951
807631951

offset = 2942
Read = 855638016
855638016

offset = 2947
Read = 791753007
791753007

offset = 2952
Read = -1690816208
-1690816208

offset = 2957
Read = 1346437120
1346437120

offset = 2962
Read = 606356812
606356812

offset = 2967
Read = 606348324
606348324

offset = 2972
Read = 1431454037
1431454037

offset = 2977
Read = 2085834568
2085834568

offset = 2982
Read = 1330926165
1330926165

offset = 2987
Read = 1414676776
1414676776

offset = 2992
Read = 892678432
892678432

offset = 2997
Read = 1327508768
1327508768

offset = 3002
Read = 1397707348
1397707348

offset = 3007
Read = 38416419
38416419

offset = 3012
Read = 791753472
791753472

offset = 3017
Read = 808595256
808595256

offset = 3022
Read = 40249
40249

offset = 3027
Read = 1397571923
1397571923

offset = 3032
Read = 606357326
606357326

offset = 3037
Read = 1095967780
1095967780

offset = 3042
Read = 1430343712
1430343712

offset = 3047
Read = 1330805839
1330805839

offset = 3052
Read = 673206082
673206082

offset = 3057
Read = 539907154
539907154

offset = 3062
Read = 539572021
539572021

offset = 3067
Read = 1414876960
1414876960

offset = 3072
Read = 595350351
595350351

offset = 3077
Read = 690
690

offset = 3082
Read = 942681905
942681905

offset = 3087
Read = 959524914
959524914

offset = 3092
Read = 1409286143
1409286143

offset = 3097
Read = 1314214733
1314214733

offset = 3102
Read = 606348324
606348324

offset = 3107
Read = 1431261820
1431261820

offset = 3112
Read = 1093148751
1093148751

offset = 3117
Read = 824192596
824192596

offset = 3122
Read = 757082423
757082423

offset = 3127
Read = 1381258575
1381258575

offset = 3132
Read = 807631955
807631955

offset = 3137
Read = 855638016
855638016

offset = 3142
Read = 791753007
791753007

offset = 3147
Read = -1690816208
-1690816208

offset = 3152
Read = 606339072
606339072

offset = 3157
Read = 606348324
606348324

offset = 3162
Read = 606348324
606348324

offset = 3167
Read = 1344294721
1344294721

offset = 3172
Read = 2085571669
2085571669

offset = 3177
Read = 1330926165
1330926165

offset = 3182
Read = 1414676776
1414676776

offset = 3187
Read = 892678432
892678432

offset = 3192
Read = 1126182176
1126182176

offset = 3197
Read = 1230259532
1230259532

offset = 3202
Read = 807631951
807631951

offset = 3207
Read = 805306371
805306371

offset = 3212
Read = 791949359
791949359

offset = 3217
Read = -1691340240
-1691340240

offset = 3222
Read = 1095958528
1095958528

offset = 3227
Read = 1196315987
1196315987

offset = 3232
Read = 606348324
606348324

offset = 3237
Read = 1344294721
1344294721

offset = 3242
Read = 2085571669
2085571669

offset = 3247
Read = 1330926165
1330926165

offset = 3252
Read = 1414676776
1414676776

offset = 3257
Read = 892678432
892678432

offset = 3262
Read = 1327508768
1327508768

offset = 3267
Read = 1397707348
1397707348

offset = 3272
Read = 3813411
3813411

offset = 3277
Read = 791687936
791687936

offset = 3282
Read = 808595249
808595249

offset = 3287
Read = 39732
39732

offset = 3292
Read = 1330925389
1330925389

offset = 3297
Read = 608259151
608259151

offset = 3302
Read = 1182540836
1182540836

offset = 3307
Read = 542069842
542069842

offset = 3312
Read = 777278017
777278017

offset = 3317
Read = 691352881
691352881

offset = 3322
Read = 1431248941
1431248941

offset = 3327
Read = 2085834578
2085834578

offset = 3332
Read = 312624
312624

offset = 3337
Read = 825178162
825178162

offset = 3342
Read = 842019375
842019375

offset = 3347
Read = 155
155

offset = 3352
Read = 1431522625
1431522625

offset = 3357
Read = 606348359
606348359

offset = 3362
Read = 1195461156
1195461156

offset = 3367
Read = 1430868545
1430868545

offset = 3372
Read = 1430682689
1430682689

offset = 3377
Read = 673206100
673206100

offset = 3382
Read = 539907154
539907154

offset = 3387
Read = 539571509
539571509

offset = 3392
Read = 1414876960
1414876960

offset = 3397
Read = 595350351
595350351

offset = 3402
Read = 1388
1388

offset = 3407
Read = 842018616
842018616

offset = 3412
Read = 825372722
825372722

offset = 3417
Read = 1392508928
1392508928

offset = 3422
Read = 1314214733
1314214733

offset = 3427
Read = 606348324
606348324

offset = 3432
Read = 1161972050
1161972050

offset = 3437
Read = 542064978
542064978

offset = 3442
Read = 1330922834
1330922834

offset = 3447
Read = 1112887122
1112887122

offset = 3452
Read = 1380001824
1380001824

offset = 3457
Read = 892411950
892411950

offset = 3462
Read = 539828265
539828265

offset = 3467
Read = 1330795605
1330795605

offset = 3472
Read = -768597124
-768597124

offset = 3477
Read = 942800896
942800896

offset = 3482
Read = 841955376
841955376

offset = 3487
Read = 10170418
10170418

offset = 3492
Read = 1296126720
1296126720

offset = 3497
Read = 608652885
608652885

offset = 3502
Read = 1394877476
1394877476

offset = 3507
Read = 1095770191
1095770191

offset = 3512
Read = 1182551884
1182551884

offset = 3517
Read = 542069842
542069842

offset = 3522
Read = 777278017
777278017

offset = 3527
Read = 691352881
691352881

offset = 3532
Read = 1431248941
1431248941

offset = 3537
Read = 2085834578
2085834578

offset = 3542
Read = 147248
147248

offset = 3547
Read = 808399155
808399155

offset = 3552
Read = 825242159
825242159

offset = 3557
Read = 155
155

offset = 3562
Read = 1431522625
1431522625

offset = 3567
Read = 606348359
606348359

offset = 3572
Read = 1096107812
1096107812

offset = 3577
Read = 1330138197
1330138197

offset = 3582
Read = 1381320316
1381320316

offset = 3587
Read = 1431380047
1431380047

offset = 3592
Read = 1229343052
1229343052

offset = 3597
Read = 542065729
542065729

offset = 3602
Read = 777278017
777278017

offset = 3607
Read = 691352881
691352881

offset = 3612
Read = 1313415213
1313415213

offset = 3617
Read = 1330205253
1330205253

offset = 3622
Read = 1414743328
1414743328

offset = 3627
Read = 1162626370
1162626370

offset = 3632
Read = 1313164617
1313164617

offset = 3637
Read = 807631951
807631951

offset = 3642
Read = 855638016
855638016

offset = 3647
Read = 791753007
791753007

offset = 3652
Read = -13094608
-13094608

offset = 3657
Read = 1346502655
1346502655

offset = 3662
Read = 606356812
606356812

offset = 3667
Read = 606348324
606348324

offset = 3672
Read = 1344294721
1344294721

offset = 3677
Read = 2085571669
2085571669

offset = 3682
Read = 1330926165
1330926165

offset = 3687
Read = 1279350097
1279350097

offset = 3692
Read = 1094928710
1094928710

offset = 3697
Read = 1093148751
1093148751

offset = 3702
Read = 824192596
824192596

offset = 3707
Read = 757082421
757082421

offset = 3712
Read = 1163152969
1163152969

offset = 3717
Read = 542265161
542265161

offset = 3722
Read = 1163272261
1163272261

offset = 3727
Read = 1330402627
1330402627

offset = 3732
Read = 43921443
43921443

offset = 3737
Read = 791753472
791753472

offset = 3742
Read = 808595256
808595256

offset = 3747
Read = 40249
40249

offset = 3752
Read = 1330925389
1330925389

offset = 3757
Read = 608259151
608259151

offset = 3762
Read = 1095967780
1095967780

offset = 3767
Read = 1430343712
1430343712

offset = 3772
Read = 1330805839
1330805839

offset = 3777
Read = 673206082
673206082

offset = 3782
Read = 539907154
539907154

offset = 3787
Read = 539572021
539572021

offset = 3792
Read = 1414416672
1414416672

offset = 3797
Read = 1380927826
1380927826

offset = 3802
Read = 1444955460
1444955460

offset = 3807
Read = 1280656201
1280656201

offset = 3812
Read = -1188027524
-1188027524

offset = 3817
Read = 842006528
842006528

offset = 3822
Read = 841954096
841954096

offset = 3827
Read = 10301746
10301746

offset = 3832
Read = 1095325696
1095325696

offset = 3837
Read = 606357837
606357837

offset = 3842
Read = 1126442020
1126442020

offset = 3847
Read = 1229996370
1229996370

offset = 3852
Read = 1094863189
1094863189

offset = 3857
Read = 1112887122
1112887122

offset = 3862
Read = 1380001824
1380001824

offset = 3867
Read = 892411950
892411950

offset = 3872
Read = 539828265
539828265

offset = 3877
Read = 1397637458
1397637458

offset = 3882
Read = 1163152981
1163152981

offset = 3887
Read = 38350883
38350883

offset = 3892
Read = 792211968
792211968

offset = 3897
Read = 808595256
808595256

offset = 3902
Read = 40249
40249

offset = 3907
Read = 1397571923
1397571923

offset = 3912
Read = 606357326
606357326

offset = 3917
Read = 1330848804
1330848804

offset = 3922
Read = 1111573327
1111573327

offset = 3927
Read = 1431261820
1431261820

offset = 3932
Read = 1093148751
1093148751

offset = 3937
Read = 824192596
824192596

offset = 3942
Read = 757082423
757082423

offset = 3947
Read = 1381258575
1381258575

offset = 3952
Read = 807631955
807631955

offset = 3957
Read = 838860805
838860805

offset = 3962
Read = 791818287
791818287

offset = 3967
Read = -1657720272
-1657720272

offset = 3972
Read = 1196163072
1196163072

offset = 3977
Read = 606348324
606348324

offset = 3982
Read = 606348324
606348324

offset = 3987
Read = 1344294721
1344294721

offset = 3992
Read = 2085571669
2085571669

offset = 3997
Read = 1329747279
1329747279

offset = 4002
Read = 1414676776
1414676776

offset = 4007
Read = 926232864
926232864

offset = 4012
Read = 1444949280
1444949280

offset = 4017
Read = 1280656201
1280656201

offset = 4022
Read = -282057860
-282057860

offset = 4027
Read = 825425920
825425920

offset = 4032
Read = 841955376
841955376

offset = 4037
Read = 10170418
10170418

offset = 4042
Read = 1347436800
1347436800

offset = 4047
Read = 606348357
606348357

offset = 4052
Read = 1394877476
1394877476

offset = 4057
Read = 1095770191
1095770191

offset = 4062
Read = 1182551884
1182551884

offset = 4067
Read = 542069842
542069842

offset = 4072
Read = 777278017
777278017

offset = 4077
Read = 691352881
691352881

offset = 4082
Read = 1397039149
1397039149

offset = 4087
Read = 1279607361
1279607361

offset = 4092
Read = 1162692931
1162692931

offset = 4097
Read = 1328369492
1328369492

offset = 4102
Read = 1397707348
1397707348

offset = 4107
Read = 65155107
65155107

offset = 4112
Read = 791753472
791753472

offset = 4117
Read = 808595256
808595256

offset = 4122
Read = 39728
39728

offset = 4127
Read = 1397571923
1397571923

offset = 4132
Read = 606357326
606357326

offset = 4137
Read = 1095967780
1095967780

offset = 4142
Read = 1430343712
1430343712

offset = 4147
Read = 1430682703
1430682703

offset = 4152
Read = 673206100
673206100

offset = 4157
Read = 539907154
539907154

offset = 4162
Read = 539571509
539571509

offset = 4167
Read = 1414876960
1414876960

offset = 4172
Read = 595350351
595350351

offset = 4177
Read = 702
702

offset = 4182
Read = 942681905
942681905

offset = 4187
Read = 959524914
959524914

offset = 4192
Read = 1291845632
1291845632

offset = 4197
Read = 1330794324
1330794324

offset = 4202
Read = 606348353
606348353

offset = 4207
Read = 542064979
542064979

offset = 4212
Read = 1330402625
1330402625

offset = 4217
Read = 1112887122
1112887122

offset = 4222
Read = 1380001824
1380001824

offset = 4227
Read = 892411950
892411950

offset = 4232
Read = 539828265
539828265

offset = 4237
Read = 1397637458
1397637458

offset = 4242
Read = 1163152981
1163152981

offset = 4247
Read = 54734883
54734883

offset = 4252
Read = 791752704
791752704

offset = 4257
Read = 808595249
808595249

offset = 4262
Read = -208
-208

offset = 4267
Read = 606348324
606348324

offset = 4272
Read = 606348324
606348324

offset = 4277
Read = 2088510500
2088510500

offset = 4282
Read = 368944
368944

offset = 4287
Read = 808400946
808400946

offset = 4292
Read = 842019375
842019375

offset = 4297
Read = 157
157

offset = 4302
Read = 1162629200
1162629200

offset = 4307
Read = 606348324
606348324

offset = 4312
Read = 1329681188
1329681188

offset = 4317
Read = 1280655696
1280655696

offset = 4322
Read = 1431261820
1431261820

offset = 4327
Read = 1093148751
1093148751

offset = 4332
Read = 824192596
824192596

offset = 4337
Read = 757082423
757082423

offset = 4342
Read = 1381258575
1381258575

offset = 4347
Read = 807631955
807631955

offset = 4352
Read = 855638016
855638016

offset = 4357
Read = 791949359
791949359

offset = 4362
Read = -13094608
-13094608

offset = 4367
Read = 1096024063
1096024063

offset = 4372
Read = 1196315987
1196315987

offset = 4377
Read = 606348324
606348324

offset = 4382
Read = 1344294721
1344294721

offset = 4387
Read = 2085571669
2085571669

offset = 4392
Read = 758008110
758008110

offset = 4397
Read = 1329747279
1329747279

offset = 4402
Read = 1414676776
1414676776

offset = 4407
Read = 926232864
926232864

offset = 4412
Read = 1444949280
1444949280

offset = 4417
Read = 1280656201
1280656201

offset = 4422
Read = -483384452
-483384452

offset = 4427
Read = 825425920
825425920

offset = 4432
Read = 841955376
841955376

offset = 4437
Read = 10170418
10170418

offset = 4442
Read = 1296126720
1296126720

offset = 4447
Read = 608652885
608652885

offset = 4452
Read = 1394877476
1394877476

offset = 4457
Read = 1095770191
1095770191

offset = 4462
Read = 1182551884
1182551884

offset = 4467
Read = 542069842
542069842

offset = 4472
Read = 777278017
777278017

offset = 4477
Read = 691352881
691352881

offset = 4482
Read = 1431248941
1431248941

offset = 4487
Read = 2085834578
2085834578

offset = 4492
Read = 321328
321328

offset = 4497
Read = 808399153
808399153

offset = 4502
Read = 842019375
842019375

offset = 4507
Read = 155
155

offset = 4512
Read = 1431522625
1431522625

offset = 4517
Read = 606348359
606348359

offset = 4522
Read = 1329681188
1329681188

offset = 4527
Read = 1280655696
1280655696

offset = 4532
Read = 1381320316
1381320316

offset = 4537
Read = 1093148751
1093148751

offset = 4542
Read = 824192596
824192596

offset = 4547
Read = 757082421
757082421

offset = 4552
Read = 1381258575
1381258575

offset = 4557
Read = 807631955
807631955

offset = 4562
Read = 805306373
805306373

offset = 4567
Read = 791752751
791752751

offset = 4572
Read = -1657720272
-1657720272

offset = 4577
Read = 1431240704
1431240704

offset = 4582
Read = 609439570
609439570

offset = 4587
Read = 606348324
606348324

offset = 4592
Read = 1109413697
1109413697

offset = 4597
Read = 1380011602
1380011602

offset = 4602
Read = 1329864783
1329864783

offset = 4607
Read = 1347240259
1347240259

offset = 4612
Read = 1431261820
1431261820

offset = 4617
Read = 1093148751
1093148751

offset = 4622
Read = 824192596
824192596

offset = 4627
Read = 757082423
757082423

offset = 4632
Read = 1381258575
1381258575

offset = 4637
Read = 807631955
807631955

offset = 4642
Read = 855638017
855638017

offset = 4647
Read = 791949359
791949359

offset = 4652
Read = -1657261776
-1657261776

offset = 4657
Read = 1330446336
1330446336

offset = 4662
Read = 1280266831
1280266831

offset = 4667
Read = 606348324
606348324

offset = 4672
Read = 1095713345
1095713345

offset = 4677
Read = 541148192
541148192

offset = 4682
Read = 1095914053
1095914053

offset = 4687
Read = 170926972
170926972

offset = 4692
Read = 808648704
808648704

offset = 4697
Read = 841953585
841953585

offset = 4702
Read = 10172465
10172465

offset = 4707
Read = 1296126720
1296126720

offset = 4712
Read = 608652885
608652885

offset = 4717
Read = 1344545828
1344545828

offset = 4722
Read = 1430929746
1430929746

offset = 4727
Read = 1381320316
1381320316

offset = 4732
Read = 1093148751
1093148751

offset = 4737
Read = 824192596
824192596

offset = 4742
Read = 757082421
757082421

offset = 4747
Read = 1312903764
1312903764

offset = 4752
Read = 1414419781
1414419781

offset = 4757
Read = -919592068
-919592068

offset = 4762
Read = 959578112
959578112

offset = 4767
Read = 841953585
841953585

offset = 4772
Read = 10170674
10170674

offset = 4777
Read = 1414483200
1414483200

offset = 4782
Read = 1095520082
1095520082

offset = 4787
Read = 1378100260
1378100260

offset = 4792
Read = 1380533570
1380533570

offset = 4797
Read = 1380982863
1380982863

offset = 4802
Read = 1182551892
1182551892

offset = 4807
Read = 542069842
542069842

offset = 4812
Read = 777278017
777278017

offset = 4817
Read = 691352881
691352881

offset = 4822
Read = 1431248941
1431248941

offset = 4827
Read = 2085834578
2085834578

offset = 4832
Read = 31536
31536

offset = 4837
Read = 825177393
825177393

offset = 4842
Read = 825242159
825242159

offset = 4847
Read = 155
155

offset = 4852
Read = 606348359
606348359

offset = 4857
Read = 606348324
606348324

offset = 4862
Read = 1380930340
1380930340

offset = 4867
Read = 1094861123
1094861123

offset = 4872
Read = 607134588
607134588

offset = 4877
Read = 825425920
825425920

offset = 4882
Read = 841953584
841953584

offset = 4887
Read = 10172721
10172721

offset = 4892
Read = 608652288
608652288

offset = 4897
Read = 606348324
606348324

offset = 4902
Read = 1394877476
1394877476

offset = 4907
Read = 542069838
542069838

offset = 4912
Read = 1313821774
1313821774

offset = 4917
Read = 1094983759
1094983759

offset = 4922
Read = 1195723841
1195723841

offset = 4927
Read = 1182548297
1182548297

offset = 4932
Read = 542069842
542069842

offset = 4937
Read = 1229734229
1229734229

offset = 4942
Read = 1145127753
1145127753

offset = 4947
Read = 1380001824
1380001824

offset = 4952
Read = 892411950
892411950

offset = 4957
Read = 539828265
539828265

offset = 4962
Read = 1145656133
1145656133

offset = 4967
Read = 1095320398
1095320398

offset = 4972
Read = 49557539
49557539

offset = 4977
Read = 791753472
791753472

offset = 4982
Read = 808595256
808595256

offset = 4987
Read = 40249
40249

offset = 4992
Read = 1330925389
1330925389

offset = 4997
Read = 608259151
608259151

offset = 5002
Read = 1095967780
1095967780

offset = 5007

offset = 5007, headeroffset = 66335