./main
parameter = 3

 offset = 17
size = 7
SAMSUNG$$$$$
offset = 85

size = 8
MOTOROLA$$$$
offset = 144

size = 2
LG$$$$$$$$$$
offset = 231

size = 5
APPLE$$$$$$$
offset = 296

size = 7
SAMSUNG$$$$$
offset = 362

size = 2
LG$$$$$$$$$$
offset = 430

size = 8
MOTOROLA$$$$
offset = 498

size = 7
SAMSUNG$$$$$
offset = 576

size = 8
MOTOROLA$$$$
offset = 619

size = 8
MOTOROLA$$$$
offset = 690

size = 7
SAMSUNG$$$$$
offset = 758

size = 7
SAMSUNG$$$$$
offset = 830

size = 2
LG$$$$$$$$$$
offset = 898

size = 7
SAMSUNG$$$$$
offset = 970

NAO CONSTA

size = 8
MOTOROLA$$$$
offset = 1115

size = 8
MOTOROLA$$$$
offset = 1183

size = 7
SAMSUNG$$$$$
offset = 1251

size = 7
SAMSUNG$$$$$
offset = 1319

NAO CONSTA

NAO CONSTA

size = 7
SAMSUNG$$$$$
offset = 1547

size = 7
SAMSUNG$$$$$
offset = 1618

NAO CONSTA

size = 7
SAMSUNG$$$$$
offset = 1762

size = 5
APPLE$$$$$$$
offset = 1830

size = 4
ASUS$$$$$$$$
offset = 1873

size = 2
LG$$$$$$$$$$
offset = 1916

size = 8
MOTOROLA$$$$
offset = 1978

size = 5
APPLE$$$$$$$
offset = 2046

size = 8
MOTOROLA$$$$
offset = 2133

size = 7
SAMSUNG$$$$$
offset = 2176

size = 8
MOTOROLA$$$$
offset = 2246

size = 8
MOTOROLA$$$$
offset = 2331

size = 8
MOTOROLA$$$$
offset = 2400

size = 5
APPLE$$$$$$$
offset = 2469

size = 7
SAMSUNG$$$$$
offset = 2534

size = 8
MOTOROLA$$$$
offset = 2602

size = 8
MOTOROLA$$$$
offset = 2636

size = 7
SAMSUNG$$$$$
offset = 2717

size = 7
SAMSUNG$$$$$
offset = 2790

size = 7
SAMSUNG$$$$$
offset = 2874

size = 7
SAMSUNG$$$$$
offset = 2941

size = 5
APPLE$$$$$$$
offset = 3009

size = 7
SAMSUNG$$$$$
offset = 3077

size = 7
SAMSUNG$$$$$
offset = 3136

NAO CONSTA

size = 7
SAMSUNG$$$$$
offset = 3274

size = 8
MOTOROLA$$$$
offset = 3333

size = 7
SAMSUNG$$$$$
offset = 3402

size = 7
SAMSUNG$$$$$
offset = 3475

size = 7
SAMSUNG$$$$$
offset = 3543

size = 7
SAMSUNG$$$$$
offset = 3641

size = 5
APPLE$$$$$$$
offset = 3734

size = 8
MOTOROLA$$$$
offset = 3815

size = 6
XIAOMI$$$$$$
offset = 3889

size = 7
SAMSUNG$$$$$
offset = 3956

size = 2
LG$$$$$$$$$$
offset = 4025

size = 5
APPLE$$$$$$$
offset = 4109

size = 7
SAMSUNG$$$$$
offset = 4177

size = 8
MOTOROLA$$$$
offset = 4249

NAO CONSTA

size = 5
APPLE$$$$$$$
offset = 4351

size = 7
SAMSUNG$$$$$
offset = 4425

size = 7
SAMSUNG$$$$$
offset = 4493

size = 7
SAMSUNG$$$$$
offset = 4561

size = 6
OUTROS$$$$$$
offset = 4641

size = 8
MOTOROLA$$$$
offset = 4690

size = 7
SAMSUNG$$$$$
offset = 4760

size = 8
MOTOROLA$$$$
offset = 4833

size = 2
LG$$$$$$$$$$
offset = 4875

size = 2
LG$$$$$$$$$$
offset = 4974

size = 8
MOTOROLA$$$$
offset = 5046

size = 6
XIAOMI$$$$$$
offset = 5080

size = 7
SAMSUNG$$$$$
offset = 5165

size = 6
XIAOMI$$$$$$
offset = 5233

size = 7
SAMSUNG$$$$$
offset = 5301

size = 7
SAMSUNG$$$$$
offset = 5373

size = 8
MOTOROLA$$$$
offset = 5426

size = 8
MOTOROLA$$$$
offset = 5494

size = 7
SAMSUNG$$$$$
offset = 5581

size = 8
MOTOROLA$$$$
offset = 5651

size = 8
MOTOROLA$$$$
offset = 5719

NAO CONSTA

size = 8
MOTOROLA$$$$
offset = 5827

size = 5
APPLE$$$$$$$
offset = 5895

size = 7
SAMSUNG$$$$$
offset = 5963

size = 6
XIAOMI$$$$$$
offset = 6035

size = 7
SAMSUNG$$$$$
offset = 6101

size = 8
MOTOROLA$$$$
offset = 6135

size = 7
SAMSUNG$$$$$
offset = 6203

size = 7
SAMSUNG$$$$$
offset = 6269

NAO CONSTA

size = 7
SAMSUNG$$$$$
offset = 6372

size = 7
SAMSUNG$$$$$
offset = 6442

size = 7
SAMSUNG$$$$$
offset = 6484

size = 7
SAMSUNG$$$$$
offset = 6552

size = 8
MOTOROLA$$$$
offset = 6632

NAO CONSTA

size = 8
MOTOROLA$$$$
offset = 6734

size = 7
SAMSUNG$$$$$
offset = 6802

size = 7
SAMSUNG$$$$$
offset = 6892

size = 7
SAMSUNG$$$$$
offset = 6960

NAO CONSTA

size = 8
MOTOROLA$$$$
offset = 7072

size = 8
MOTOROLA$$$$
offset = 7144

size = 6
IPHONE$$$$$$
offset = 7216

size = 7
SAMSUNG$$$$$
offset = 7300

size = 8
MOTOROLA$$$$
offset = 7343

size = 4
ASUS$$$$$$$$
offset = 7377

size = 5
APPLE$$$$$$$
offset = 7445

size = 6
OUTROS$$$$$$
offset = 7512

NAO CONSTA

size = 8
MOTOROLA$$$$
offset = 7643

size = 7
SAMSUNG$$$$$
offset = 7711

NAO CONSTA

size = 5
APPLE$$$$$$$
offset = 7813

size = 7
SAMSUNG$$$$$
offset = 7885

size = 7
SAMSUNG$$$$$
offset = 7953

size = 2
LG$$$$$$$$$$
offset = 8031

size = 7
SAMSUNG$$$$$
offset = 8112

size = 7
SAMSUNG$$$$$
offset = 8180

size = 8
MOTOROLA$$$$
offset = 8250

size = 8
MOTOROLA$$$$
offset = 8327

size = 7
SAMSUNG$$$$$
offset = 8386

size = 8
MOTOROLA$$$$
offset = 8454

size = 7
SAMSUNG$$$$$
offset = 8522

NAO CONSTA

size = 7
SAMSUNG$$$$$
offset = 8599

size = 7
SAMSUNG$$$$$
offset = 8673

size = 8
MOTOROLA$$$$
offset = 8739

size = 5
APPLE$$$$$$$
offset = 8807

size = 7
SAMSUNG$$$$$
offset = 8876

size = 7
SAMSUNG$$$$$
offset = 8944

size = 8
MOTOROLA$$$$
offset = 9012

size = 7
SAMSUNG$$$$$
offset = 9086

size = 7
SAMSUNG$$$$$
offset = 9167

size = 7
SAMSUNG$$$$$
offset = 9235

size = 8
MOTOROLA$$$$
offset = 9309

size = 6
XIAOMI$$$$$$
offset = 9377

size = 7
SAMSUNG$$$$$
offset = 9444

size = 4
ASUS$$$$$$$$
offset = 9512

size = 5
APPLE$$$$$$$
offset = 9555

size = 8
MOTOROLA$$$$
offset = 9621

size = 7
SAMSUNG$$$$$
offset = 9691

size = 8
MOTOROLA$$$$
offset = 9760

size = 5
APPLE$$$$$$$
offset = 9830

size = 8
MOTOROLA$$$$
offset = 9898

size = 7
SAMSUNG$$$$$
offset = 9963

size = 8
MOTOROLA$$$$
offset = 10031

size = 7
SAMSUNG$$$$$
offset = 10065

size = 6
OUTROS$$$$$$
offset = 10137

size = 7
SAMSUNG$$$$$
offset = 10205

size = 5
APPLE$$$$$$$
offset = 10273

size = 7
SAMSUNG$$$$$
offset = 10341

size = 6
IPHONE$$$$$$
offset = 10384

size = 7
SAMSUNG$$$$$
offset = 10452

size = 7
SAMSUNG$$$$$
offset = 10530

size = 2
LG$$$$$$$$$$
offset = 10647

size = 7
SAMSUNG$$$$$
offset = 10715

NAO CONSTA

size = 5
APPLE$$$$$$$
offset = 10850

size = 5
APPLE$$$$$$$
offset = 10918

size = 7
SAMSUNG$$$$$
offset = 10961

size = 8
MOTOROLA$$$$
offset = 11026

size = 8
MOTOROLA$$$$
offset = 11093

size = 2
LG$$$$$$$$$$
offset = 11165

size = 4
ASUS$$$$$$$$
offset = 11237

size = 7
SAMSUNG$$$$$
offset = 11311

size = 5
APPLE$$$$$$$
offset = 11354

NAO CONSTA

size = 7
SAMSUNG$$$$$
offset = 11480

size = 8
MOTOROLA$$$$
offset = 11552

size = 8
MOTOROLA$$$$
offset = 11622

size = 5
APPLE$$$$$$$
offset = 11690

size = 6
XIAOMI$$$$$$
offset = 11774

size = 5
APPLE$$$$$$$
offset = 11846

size = 5
APPLE$$$$$$$
offset = 11935

size = 7
SAMSUNG$$$$$
offset = 12017

size = 5
APPLE$$$$$$$
offset = 12087

NAO CONSTA

size = 5
APPLE$$$$$$$
offset = 12227

size = 2
LG$$$$$$$$$$
offset = 12298

size = 7
SAMSUNG$$$$$
offset = 12353

size = 8
MOTOROLA$$$$
offset = 12434

size = 7
SAMSUNG$$$$$
offset = 12475

size = 7
SAMSUNG$$$$$
offset = 12543

size = 8
MOTOROLA$$$$
offset = 12617

size = 7
SAMSUNG$$$$$
offset = 12685

size = 8
MOTOROLA$$$$
offset = 12760

size = 8
MOTOROLA$$$$
offset = 12850

size = 7
SAMSUNG$$$$$
offset = 12884

size = 8
MOTOROLA$$$$
offset = 12947

NAO CONSTA

size = 8
MOTOROLA$$$$
offset = 13053

NAO CONSTA

size = 5
APPLE$$$$$$$
offset = 13189

size = 8
MOTOROLA$$$$
offset = 13257

NAO CONSTA

size = 6
OUTROS$$$$$$
offset = 13393

size = 7
SAMSUNG$$$$$
offset = 13461

size = 2
LG$$$$$$$$$$
offset = 13529

size = 7
SAMSUNG$$$$$
offset = 13599

size = 8
MOTOROLA$$$$
offset = 13663

size = 5
APPLE$$$$$$$
offset = 13731

size = 7
SAMSUNG$$$$$
offset = 13803

size = 5
APPLE$$$$$$$
offset = 13870

NAO CONSTA

size = 5
APPLE$$$$$$$
offset = 14042

size = 4
ASUS$$$$$$$$
offset = 14076

size = 8
MOTOROLA$$$$
offset = 14143

size = 5
APPLE$$$$$$$
offset = 14211

NAO CONSTA

NAO CONSTA

size = 8
MOTOROLA$$$$
offset = 14407

size = 7
SAMSUNG$$$$$
offset = 14441

size = 8
MOTOROLA$$$$
offset = 14475

size = 5
APPLE$$$$$$$
offset = 14543

NAO CONSTA

size = 8
MOTOROLA$$$$
offset = 14680

size = 7
SAMSUNG$$$$$
offset = 14758

size = 8
MOTOROLA$$$$
offset = 14826

size = 7
QUANTUM$$$$$
offset = 14898

size = 8
MOTOROLA$$$$
offset = 14972

size = 8
MOTOROLA$$$$
offset = 15040

size = 8
MOTOROLA$$$$
offset = 15112

size = 5
APPLE$$$$$$$
offset = 15187

size = 7
SAMSUNG$$$$$
offset = 15255

size = 4
ASUS$$$$$$$$
offset = 15336

size = 8
MOTOROLA$$$$
offset = 15404

size = 7
SAMSUNG$$$$$
offset = 15472

size = 7
SAMSUNG$$$$$
offset = 15539

size = 7
SAMSUNG$$$$$
offset = 15607

size = 7
SAMSUNG$$$$$
offset = 15672

size = 7
SAMSUNG$$$$$
offset = 15741

size = 8
MOTOROLA$$$$
offset = 15808

size = 6
OUTROS$$$$$$
offset = 15885

NAO CONSTA

size = 7
SAMSUNG$$$$$
offset = 16021

size = 8
MOTOROLA$$$$
offset = 16086

size = 7
SAMSUNG$$$$$
offset = 16155

size = 8
MOTOROLA$$$$
offset = 16220

size = 8
MOTOROLA$$$$
offset = 16263

size = 4
ASUS$$$$$$$$
offset = 16332

size = 7
ALCATEL$$$$$
offset = 16401

size = 8
MOTOROLA$$$$
offset = 16471

size = 5
APPLE$$$$$$$
offset = 16539

size = 8
MOTOROLA$$$$
offset = 16625

NAO CONSTA

NAO CONSTA

size = 7
SAMSUNG$$$$$
offset = 16832

NAO CONSTA

size = 8
MOTOROLA$$$$
offset = 16965

size = 6
OUTROS$$$$$$
offset = 17034

NAO CONSTA

size = 7
SAMSUNG$$$$$
offset = 17195

size = 7
SAMSUNG$$$$$
offset = 17267

NAO CONSTA

size = 8
MOTOROLA$$$$
offset = 17373

size = 7
SAMSUNG$$$$$
offset = 17445

size = 8
MOTOROLA$$$$
offset = 17513

NAO CONSTA

size = 5
APPLE$$$$$$$
offset = 17619

size = 2
LG$$$$$$$$$$
offset = 17688

size = 7
SAMSUNG$$$$$
offset = 17756

size = 8
MOTOROLA$$$$
offset = 17824

size = 8
MOTOROLA$$$$
offset = 17867

size = 8
MOTOROLA$$$$
offset = 17910

size = 7
SAMSUNG$$$$$
offset = 17982

size = 7
SAMSUNG$$$$$
offset = 18058

size = 8
MOTOROLA$$$$
offset = 18136

size = 8
MOTOROLA$$$$
offset = 18218

size = 5
APPLE$$$$$$$
offset = 18286

size = 8
MOTOROLA$$$$
offset = 18331

size = 8
MOTOROLA$$$$
offset = 18421

size = 7
SAMSUNG$$$$$
offset = 18490

NAO CONSTA

size = 7
SAMSUNG$$$$$
offset = 18596

size = 7
SAMSUNG$$$$$
offset = 18668

NAO CONSTA

size = 5
APPLE$$$$$$$
offset = 18761

size = 3
LG-$$$$$$$$$
offset = 18804

size = 7
SAMSUNG$$$$$
offset = 18847

size = 8
MOTOROLA$$$$
offset = 18892

size = 6
LENOVO$$$$$$
offset = 18959

size = 2
LG$$$$$$$$$$
offset = 19037

size = 7
SAMSUNG$$$$$
offset = 19105

size = 2
LG$$$$$$$$$$
offset = 19173

size = 5
APPLE$$$$$$$
offset = 19241

size = 8
MOTOROLA$$$$
offset = 19330

size = 5
APPLE$$$$$$$
offset = 19389

size = 5
APPLE$$$$$$$
offset = 19452

size = 7
SAMSUNG$$$$$
offset = 19524

size = 8
MOTOROLA$$$$
offset = 19594

size = 5
APPLE$$$$$$$
offset = 19662

size = 7
SAMSUNG$$$$$
offset = 19730

NAO CONSTA

size = 8
MOTOROLA$$$$
offset = 19870

size = 2
LG$$$$$$$$$$
offset = 19942

size = 7
SAMSUNG$$$$$
offset = 19983

NAO CONSTA

size = 7
SAMSUNG$$$$$
offset = 20141

size = 8
MOTOROLA$$$$
offset = 20216

size = 5
APPLE$$$$$$$
offset = 20283

NAO CONSTA

NAO CONSTA

size = 7
SAMSUNG$$$$$
offset = 20528

size = 7
SAMSUNG$$$$$
offset = 20593

size = 5
APPLE$$$$$$$
offset = 20661

size = 6
XIAOMI$$$$$$
offset = 20729

size = 8
MOTOROLA$$$$
offset = 20799

size = 8
MOTOROLA$$$$
offset = 20867

size = 7
SAMSUNG$$$$$
offset = 20935

size = 5
APPLE$$$$$$$
offset = 21016

size = 7
SAMSUNG$$$$$
offset = 21082

size = 7
SAMSUNG$$$$$
offset = 21149

size = 7
SAMSUNG$$$$$
offset = 21214

size = 8
MOTOROLA$$$$
offset = 21248

NAO CONSTA

NAO CONSTA

size = 5
APPLE$$$$$$$
offset = 21409

size = 8
MOTOROLA$$$$
offset = 21477

NAO CONSTA

size = 8
MOTOROLA$$$$
offset = 21613

NAO CONSTA

size = 7
SAMSUNG$$$$$
offset = 21776

size = 6
XIAOMI$$$$$$
offset = 21842

size = 5
APPLE$$$$$$$
offset = 21916

size = 2
LG$$$$$$$$$$
offset = 21984

size = 7
ALCATEL$$$$$
offset = 22079

size = 8
MOTOROLA$$$$
offset = 22156

size = 7
SAMSUNG$$$$$
offset = 22226

size = 2
LG$$$$$$$$$$
offset = 22260

size = 7
SAMSUNG$$$$$
offset = 22353

size = 7
SAMSUNG$$$$$
offset = 22421

NAO CONSTA

size = 5
APPLE$$$$$$$
offset = 22523

size = 7
SAMSUNG$$$$$
offset = 22595

size = 5
APPLE$$$$$$$
offset = 22663

NAO CONSTA

size = 8
MOTOROLA$$$$
offset = 22803

NAO CONSTA

size = 7
SAMSUNG$$$$$
offset = 22914

size = 5
APPLE$$$$$$$
offset = 22982

size = 5
APPLE$$$$$$$
offset = 23050

size = 7
SAMSUNG$$$$$
offset = 23134

size = 2
LG$$$$$$$$$$
offset = 23179

size = 6
XIAOMI$$$$$$
offset = 23251

size = 8
MOTOROLA$$$$
offset = 23319

NAO CONSTA

size = 6
OUTROS$$$$$$
offset = 23455

size = 2
LG$$$$$$$$$$
offset = 23489

size = 7
SAMSUNG$$$$$
offset = 23557

size = 5
APPLE$$$$$$$
offset = 23646

size = 8
MOTOROLA$$$$
offset = 23725

size = 6
OUTROS$$$$$$
offset = 23808

size = 7
SAMSUNG$$$$$
offset = 23889

NAO CONSTA

size = 7
SAMSUNG$$$$$
offset = 24026

size = 6
LENOVO$$$$$$
offset = 24098

size = 8
MOTOROLA$$$$
offset = 24166

size = 5
APPLE$$$$$$$
offset = 24244

size = 5
APPLE$$$$$$$
offset = 24312

size = 7
SAMSUNG$$$$$
offset = 24378

size = 4
ASUS$$$$$$$$
offset = 24450

size = 7
SAMSUNG$$$$$
offset = 24520

NAO CONSTA

size = 8
MOTOROLA$$$$
offset = 24588

size = 5
APPLE$$$$$$$
offset = 24656

size = 8
MOTOROLA$$$$
offset = 24724

size = 5
APPLE$$$$$$$
offset = 24794

size = 8
MOTOROLA$$$$
offset = 24862

size = 7
SAMSUNG$$$$$
offset = 24930

size = 7
SAMSUNG$$$$$
offset = 24998

size = 7
SAMSUNG$$$$$
offset = 25062

size = 7
SAMSUNG$$$$$
offset = 25137

size = 5
APPLE$$$$$$$
offset = 25205

size = 8
MOTOROLA$$$$
offset = 25273

size = 8
MOTOROLA$$$$
offset = 25307

size = 8
MOTOROLA$$$$
offset = 25378

NAO CONSTA

NAO CONSTA

size = 5
APPLE$$$$$$$
offset = 25534

size = 8
MOTOROLA$$$$
offset = 25577

size = 7
SAMSUNG$$$$$
offset = 25620

size = 7
SAMSUNG$$$$$
offset = 25702

size = 7
SAMSUNG$$$$$
offset = 25761

size = 5
APPLE$$$$$$$
offset = 25829

size = 8
MOTOROLA$$$$
offset = 25870

size = 2
LG$$$$$$$$$$
offset = 25947

size = 7
SAMSUNG$$$$$
offset = 26012

size = 7
SAMSUNG$$$$$
offset = 26080

size = 8
MOTOROLA$$$$
offset = 26123

NAO CONSTA

size = 8
MOTOROLA$$$$
offset = 26272

size = 7
SAMSUNG$$$$$
offset = 26344

size = 8
MOTOROLA$$$$
offset = 26412

size = 8
MOTOROLA$$$$
offset = 26467

NAO CONSTA

size = 7
SAMSUNG$$$$$
offset = 26549

NAO CONSTA

size = 7
SAMSUNG$$$$$
offset = 26690

size = 5
APPLE$$$$$$$
offset = 26766

size = 2
LG$$$$$$$$$$
offset = 26839

size = 7
SAMSUNG$$$$$
offset = 26907

NAO CONSTA

size = 7
SAMSUNG$$$$$
offset = 27023

size = 7
SAMSUNG$$$$$
offset = 27091

size = 8
MOTOROLA$$$$
offset = 27169

size = 6
XIAOMI$$$$$$
offset = 27237

size = 10
MULTILASER$$
offset = 27305

size = 6
OUTROS$$$$$$
offset = 27376

size = 7
SAMSUNG$$$$$
offset = 27443

size = 8
MOTOROLA$$$$
offset = 27536

size = 8
MOTOROLA$$$$
offset = 27602

size = 7
SAMSUNG$$$$$
offset = 27662

size = 6
XIAOMI$$$$$$
offset = 27730

size = 8
MOTOROLA$$$$
offset = 27798

NAO CONSTA

size = 7
SAMSUNG$$$$$
offset = 27899

size = 5
APPLE$$$$$$$
offset = 27958

NAO CONSTA

size = 5
APPLE$$$$$$$
offset = 28060

size = 5
APPLE$$$$$$$
offset = 28128

size = 7
SAMSUNG$$$$$
offset = 28197

size = 5
APPLE$$$$$$$
offset = 28265

size = 8
MOTOROLA$$$$
offset = 28345

size = 8
MOTOROLA$$$$
offset = 28413

size = 6
OUTROS$$$$$$
offset = 28509

size = 8
MOTOROLA$$$$
offset = 28581

size = 8
MOTOROLA$$$$
offset = 28660

size = 8
MOTOROLA$$$$
offset = 28732

size = 10
MULTILASER$$
offset = 28798

size = 8
MOTOROLA$$$$
offset = 28841

size = 5
APPLE$$$$$$$
offset = 28924

size = 8
MOTOROLA$$$$
offset = 28992

size = 7
SANSUMG$$$$$
offset = 29032

size = 8
MOTOROLA$$$$
offset = 29100

size = 7
SAMSUNG$$$$$
offset = 29168

size = 8
MOTOROLA$$$$
offset = 29243

size = 7
SAMSUNG$$$$$
offset = 29311

size = 8
MOTOROLA$$$$
offset = 29358

size = 7
SAMSUNG$$$$$
offset = 29427

size = 7
SAMSUNG$$$$$
offset = 29496

size = 5
APPLE$$$$$$$
offset = 29568

size = 7
SAMSUNG$$$$$
offset = 29613

size = 4
ASUS$$$$$$$$
offset = 29681

size = 5
APPLE$$$$$$$
offset = 29753

size = 8
MOTOROLA$$$$
offset = 29821

NAO CONSTA

size = 8
MOTOROLA$$$$
offset = 29923

size = 7
SAMSUNG$$$$$
offset = 29995

size = 7
SAMSUNG$$$$$
offset = 30054

size = 8
MOTOROLA$$$$
offset = 30122

size = 7
SAMSUNG$$$$$
offset = 30190

size = 6
OUTROS$$$$$$
offset = 30260

size = 5
APPLE$$$$$$$
offset = 30338

size = 7
SAMSUNG$$$$$
offset = 30406

size = 8
MOTOROLA$$$$
offset = 30440

size = 7
SAMSUNG$$$$$
offset = 30507

size = 7
SAMSUNG$$$$$
offset = 30566

size = 5
APPLE$$$$$$$
offset = 30634

size = 8
POSITIVO$$$$
offset = 30702

size = 5
APPLE$$$$$$$
offset = 30770

size = 6
LENOVO$$$$$$
offset = 30838

size = 8
MOTOROLA$$$$
offset = 30906

size = 7
SAMSUNG$$$$$
offset = 30976

size = 7
ALCATEL$$$$$
offset = 31050

size = 5
APPLE$$$$$$$
offset = 31118

size = 8
MOTOROLA$$$$
offset = 31186

size = 8
MOTOROLA$$$$
offset = 31255

size = 6
XIAOMI$$$$$$
offset = 31321

size = 7
SAMSUNG$$$$$
offset = 31380

size = 5
APPLE$$$$$$$
offset = 31449

size = 7
SAMSUNG$$$$$
offset = 31519

NAO CONSTA

NAO CONSTA

size = 8
MOTOROLA$$$$
offset = 31692

size = 5
APPLE$$$$$$$
offset = 31735

NAO CONSTA

size = 7
SAMSUNG$$$$$
offset = 31822

size = 8
MOTOROLA$$$$
offset = 31892

size = 6
XIAOMI$$$$$$
offset = 31960

size = 8
MOTOROLA$$$$
offset = 32032

size = 7
SAMSUNG$$$$$
offset = 32112

NAO CONSTA

size = 5
APPLE$$$$$$$
offset = 32252

size = 8
MOTOROLA$$$$
offset = 32321

size = 8
MOTOROLA$$$$
offset = 32401

NAO CONSTA

size = 7
SAMSUNG$$$$$
offset = 32536

size = 2
LG$$$$$$$$$$
offset = 32635

size = 2
LG$$$$$$$$$$
offset = 32725

size = 8
MOTOROLA$$$$
offset = 32797

NAO CONSTA

size = 7
SAMSUNG$$$$$
offset = 32931

size = 2
LG$$$$$$$$$$
offset = 33003

size = 7
SAMSUNG$$$$$
offset = 33071

size = 7
SAMSUNG$$$$$
offset = 33114

size = 7
SAMSUNG$$$$$
offset = 33182

size = 8
MOTOROLA$$$$
offset = 33250

size = 7
SAMSUNG$$$$$
offset = 33331

size = 8
MOTOROLA$$$$
offset = 33399

size = 8
MOTOROLA$$$$
offset = 33470

size = 8
MOTOROLA$$$$
offset = 33557

size = 7
SAMSUNG$$$$$
offset = 33629

size = 7
SAMSUNG$$$$$
offset = 33663

size = 5
APPLE$$$$$$$
offset = 33735

size = 8
MOTOROLA$$$$
offset = 33803

size = 8
MOTOROLA$$$$
offset = 33870

NAO CONSTA

size = 8
MOTOROLA$$$$
offset = 34036

size = 8
MOTOROLA$$$$
offset = 34095

size = 8
MOTOROLA$$$$
offset = 34164

size = 7
SAMSUNG$$$$$
offset = 34232

size = 5
APPLE$$$$$$$
offset = 34300

size = 8
MOTOROLA$$$$
offset = 34389

size = 7
SAMSUNG$$$$$
offset = 34432

size = 2
LG$$$$$$$$$$
offset = 34497

size = 7
SAMSUNG$$$$$
offset = 34540

size = 7
SAMSUNG$$$$$
offset = 34612

size = 8
MOTOROLA$$$$
offset = 34680

size = 7
SAMSUNG$$$$$
offset = 34748

size = 7
SAMSUNG$$$$$
offset = 34822

size = 7
SAMSUNG$$$$$
offset = 34896

size = 7
ALCATEL$$$$$
offset = 34964

size = 6
XIAOMI$$$$$$
offset = 35047

size = 7
SAMSUNG$$$$$
offset = 35115

size = 2
LG$$$$$$$$$$
offset = 35183

size = 7
SAMSUNG$$$$$
offset = 35250

size = 8
MOTOROLA$$$$
offset = 35315

size = 8
MOTOROLA$$$$
offset = 35383

size = 7
SAMSUNG$$$$$
offset = 35457

size = 7
SAMSUNG$$$$$
offset = 35496

size = 7
SAMSUNG$$$$$
offset = 35568

size = 5
APPLE$$$$$$$
offset = 35642

size = 8
MOTOROLA$$$$
offset = 35708

size = 6
XIAOMI$$$$$$
offset = 35780

size = 6
XIAOMI$$$$$$
offset = 35848

size = 6
XIAOMI$$$$$$
offset = 35921

size = 5
APPLE$$$$$$$
offset = 35989

size = 7
SAMSUNG$$$$$
offset = 36057

size = 7
SAMSUNG$$$$$
offset = 36126

size = 7
SAMSUNG$$$$$
offset = 36200

NAO CONSTA

size = 8
MOTOROLA$$$$
offset = 36348

size = 5
APPLE$$$$$$$
offset = 36407

size = 8
MOTOROLA$$$$
offset = 36481

size = 5
APPLE$$$$$$$
offset = 36549

size = 8
MOTOROLA$$$$
offset = 36618

size = 7
SAMSUNG$$$$$
offset = 36690

size = 7
SAMSUNG$$$$$
offset = 36762

size = 6
XIAOMI$$$$$$
offset = 36855

NAO CONSTA

size = 5
APPLE$$$$$$$
offset = 36991

size = 8
MOTOROLA$$$$
offset = 37059

size = 8
MOTOROLA$$$$
offset = 37126

size = 7
SAMSUNG$$$$$
offset = 37174

size = 7
SAMSUNG$$$$$
offset = 37246

NAO CONSTA

size = 8
MOTOROLA$$$$
offset = 37406

size = 8
MOTOROLA$$$$
offset = 37478

NAO CONSTA

size = 5
APPLE$$$$$$$
offset = 37593

NAO CONSTA

NAO CONSTA

size = 7
SAMSUNG$$$$$
offset = 37762

size = 7
SAMSUNG$$$$$
offset = 37830

size = 7
ALCATEL$$$$$
offset = 37905

size = 8
MOTOROLA$$$$
offset = 37977

size = 4
SONY$$$$$$$$
offset = 38020

size = 7
SAMSUNG$$$$$
offset = 38086

size = 7
SAMSUNG$$$$$
offset = 38120

NAO CONSTA

size = 8
MOTOROLA$$$$
offset = 38226

size = 8
MOTOROLA$$$$
offset = 38269

size = 5
APPLE$$$$$$$
offset = 38312

size = 8
MOTOROLA$$$$
offset = 38379

size = 5
APPLE$$$$$$$
offset = 38444

size = 7
SAMSUNG$$$$$
offset = 38516

size = 8
MOTOROLA$$$$
offset = 38581

size = 5
APPLE$$$$$$$
offset = 38651

size = 7
SAMSUNG$$$$$
offset = 38721

size = 7
SAMSUNG$$$$$
offset = 38789

size = 8
MOTOROLA$$$$
offset = 38861

size = 4
ASUS$$$$$$$$
offset = 38920

size = 4
ASUS$$$$$$$$
offset = 38989

size = 8
MOTOROLA$$$$
offset = 39075

size = 7
SAMSUNG$$$$$
offset = 39160

NAO CONSTA

size = 5
NOKIA$$$$$$$
offset = 39301

size = 7
SAMSUNG$$$$$
offset = 39369

size = 7
SAMSUNG$$$$$
offset = 39441

NAO CONSTA

size = 8
MOTOROLA$$$$
offset = 39577

size = 7
SAMSUNG$$$$$
offset = 39620

size = 7
SAMSUNG$$$$$
offset = 39688

size = 8
MOTOROLA$$$$
offset = 39751

size = 5
APPLE$$$$$$$
offset = 39831

NAO CONSTA

size = 6
XIAOMI$$$$$$
offset = 39944

size = 8
MOTOROLA$$$$
offset = 40012

size = 7
SAMSUNG$$$$$
offset = 40084

size = 8
MOTOROLA$$$$
offset = 40156

size = 7
SAMSUNG$$$$$
offset = 40224

size = 8
MOTOROLA$$$$
offset = 40292

size = 8
MOTOROLA$$$$
offset = 40365

size = 8
MOTOROLA$$$$
offset = 40437

size = 5
APPLE$$$$$$$
offset = 40509

size = 5
APPLE$$$$$$$
offset = 40577

size = 5
APPLE$$$$$$$
offset = 40647

size = 8
MOTOROLA$$$$
offset = 40690

size = 2
LG$$$$$$$$$$
offset = 40762

size = 7
SAMSUNG$$$$$
offset = 40796

size = 7
SAMSUNG$$$$$
offset = 40863

size = 8
MOTOROLA$$$$
offset = 40927

size = 5
APPLE$$$$$$$
offset = 40961

size = 8
MOTOROLA$$$$
offset = 41029

size = 7
SAMSUNG$$$$$
offset = 41096

size = 4
ASUS$$$$$$$$
offset = 41164

size = 7
SAMSUNG$$$$$
offset = 41233

size = 7
SAMSUNG$$$$$
offset = 41305

size = 5
APPLE$$$$$$$
offset = 41373

size = 7
SAMSUNG$$$$$
offset = 41438

size = 2
LG$$$$$$$$$$
offset = 41506

size = 6
OUTROS$$$$$$
offset = 41572

size = 8
MOTOROLA$$$$
offset = 41640

size = 8
MOTOROLA$$$$
offset = 41710

size = 5
APPLE$$$$$$$
offset = 41778

size = 7
SAMSUNG$$$$$
offset = 41850

size = 7
SAMSUNG$$$$$
offset = 41918

size = 7
SAMSUNG$$$$$
offset = 41983

NAO CONSTA

size = 6
LENOVO$$$$$$
offset = 42125

size = 5
APPLE$$$$$$$
offset = 42207

size = 7
SAMSUNG$$$$$
offset = 42280

size = 8
MOTOROLA$$$$
offset = 42347

NAO CONSTA

size = 7
SAMSUNG$$$$$
offset = 42471

size = 6
OUTROS$$$$$$
offset = 42540

size = 2
LG$$$$$$$$$$
offset = 42615

size = 7
SAMSUNG$$$$$
offset = 42687

size = 2
LG$$$$$$$$$$
offset = 42756

size = 7
SAMSUNG$$$$$
offset = 42824

size = 8
MOTOROLA$$$$
offset = 42867

size = 6
XIAOMI$$$$$$
offset = 42935

NAO CONSTA

size = 8
MOTOROLA$$$$
offset = 43071

size = 7
SAMSUNG$$$$$
offset = 43137

size = 7
SAMSUNG$$$$$
offset = 43171

size = 5
APPLE$$$$$$$
offset = 43243

size = 2
LG$$$$$$$$$$
offset = 43296

size = 8
MOTOROLA$$$$
offset = 43368

size = 7
SAMSUNG$$$$$
offset = 43442

size = 2
LG$$$$$$$$$$
offset = 43512

size = 2
LG$$$$$$$$$$
offset = 43582

size = 8
MOTOROLA$$$$
offset = 43654

NAO CONSTA

size = 8
MOTOROLA$$$$
offset = 43747

size = 8
MOTOROLA$$$$
offset = 43817

size = 8
MOTOROLA$$$$
offset = 43884

size = 8
MOTOROLA$$$$
offset = 43918

size = 7
SAMSUNG$$$$$
offset = 43986

size = 7
SAMSUNG$$$$$
offset = 44054

size = 5
APPLE$$$$$$$
offset = 44123

size = 5
APPLE$$$$$$$
offset = 44166

size = 8
MOTOROLA$$$$
offset = 44225

size = 7
SAMSUNG$$$$$
offset = 44315

size = 8
MOTOROLA$$$$
offset = 44383

size = 3
BLU$$$$$$$$$
offset = 44457

size = 10
MULTILASER$$
offset = 44553

size = 7
SAMSUNG$$$$$
offset = 44625

size = 8
MOTOROLA$$$$
offset = 44659

size = 5
APPLE$$$$$$$
offset = 44740

size = 4
ASUS$$$$$$$$
offset = 44809

size = 7
SAMSUNG$$$$$
offset = 44890

size = 7
SAMSUNG$$$$$
offset = 44958

size = 8
MOTOROLA$$$$
offset = 45026

size = 8
MOTOROLA$$$$
offset = 45094

size = 2
LG$$$$$$$$$$
offset = 45153

NAO CONSTA

size = 7
SAMSUNG$$$$$
offset = 45302

size = 8
MOTOROLA$$$$
offset = 45368

size = 7
SAMSUNG$$$$$
offset = 45411

size = 7
SAMSUNG$$$$$
offset = 45479

size = 6
XIAOMI$$$$$$
offset = 45513

size = 7
SAMSUNG$$$$$
offset = 45581

size = 8
MOTOROLA$$$$
offset = 45649

size = 8
MOTOROLA$$$$
offset = 45708

size = 7
SAMSUNG$$$$$
offset = 45775

size = 8
MOTOROLA$$$$
offset = 45847

size = 4
ASUS$$$$$$$$
offset = 45931

size = 8
MOTOROLA$$$$
offset = 45999

size = 7
SAMSUNG$$$$$
offset = 46067

size = 5
APPLE$$$$$$$
offset = 46135

size = 6
XIAOMI$$$$$$
offset = 46203

NAO CONSTA

size = 7
SAMSUNG$$$$$
offset = 46304

size = 6
XIAOMI$$$$$$
offset = 46369

size = 6
XIAOMI$$$$$$
offset = 46432

NAO CONSTA

NAO CONSTA

size = 7
SAMSUNG$$$$$
offset = 46568

size = 8
MOTOROLA$$$$
offset = 46637

size = 8
MOTOROLA$$$$
offset = 46727

size = 7
ALCATEL$$$$$
offset = 46791

size = 7
SAMSUNG$$$$$
offset = 46861

size = 8
MOTOROLA$$$$
offset = 46928

size = 7
SAMSUNG$$$$$
offset = 47000

size = 7
SAMSUNG$$$$$
offset = 47066

size = 6
XIAOMI$$$$$$
offset = 47139

NAO CONSTA

size = 8
MOTOROLA$$$$
offset = 47241

size = 7
SAMSUNG$$$$$
offset = 47309

size = 7
SAMSUNG$$$$$
offset = 47381

size = 6
OUTROS$$$$$$
offset = 47422

size = 8
MOTOROLA$$$$
offset = 47486

size = 7
SAMSUNG$$$$$
offset = 47557

size = 7
SAMSUNG$$$$$
offset = 47591

size = 8
MOTOROLA$$$$
offset = 47660

size = 7
SAMSUNG$$$$$
offset = 47728

size = 8
MOTOROLA$$$$
offset = 47801

size = 7
SAMSUNG$$$$$
offset = 47869

size = 7
SAMSUNG$$$$$
offset = 47941

size = 7
SAMSUNG$$$$$
offset = 48010

size = 8
MOTOROLA$$$$
offset = 48082

size = 5
APPLE$$$$$$$
offset = 48150

size = 6
LENOVO$$$$$$
offset = 48218

NAO CONSTA

size = 6
OUTROS$$$$$$
offset = 48341

size = 7
SAMSUNG$$$$$
offset = 48443

size = 8
MOTOROLA$$$$
offset = 48508

size = 8
MOTOROLA$$$$
offset = 48576

size = 7
SAMSUNG$$$$$
offset = 48644

size = 7
SAMSUNG$$$$$
offset = 48714

size = 6
OUTROS$$$$$$
offset = 48781

size = 5
APPLE$$$$$$$
offset = 48850

size = 7
SAMSUNG$$$$$
offset = 48918

size = 5
APPLE$$$$$$$
offset = 48961

size = 7
SAMSUNG$$$$$
offset = 49029

size = 7
SAMSUNG$$$$$
offset = 49097

size = 7
SAMSUNG$$$$$
offset = 49177

size = 8
MOTOROLA$$$$
offset = 49245

size = 8
MOTOROLA$$$$
offset = 49282

NAO CONSTA

size = 6
OUTROS$$$$$$
offset = 49393

size = 7
SAMSUNG$$$$$
offset = 49463

size = 8
MOTOROLA$$$$
offset = 49531

size = 7
SAMSUNG$$$$$
offset = 49611

size = 8
MOTOROLA$$$$
offset = 49691

size = 7
SAMSUNG$$$$$
offset = 49786

size = 5
APPLE$$$$$$$
offset = 49856

size = 7
SAMSUNG$$$$$
offset = 49924

size = 8
MOTOROLA$$$$
offset = 49997

NAO CONSTA

NAO CONSTA

size = 7
SAMSUNG$$$$$
offset = 50177

size = 7
SAMSUNG$$$$$
offset = 50246

size = 8
MOTOROLA$$$$
offset = 50329

size = 6
OUTROS$$$$$$
offset = 50398

size = 8
MOTOROLA$$$$
offset = 50466

size = 8
MOTOROLA$$$$
offset = 50568

size = 7
SAMSUNG$$$$$
offset = 50643

size = 7
SAMSUNG$$$$$
offset = 50710

size = 7
SAMSUNG$$$$$
offset = 50783

size = 9
MICROSOFT$$$
offset = 50849

size = 7
SAMSUNG$$$$$
offset = 50908

size = 7
SAMSUNG$$$$$
offset = 50978

size = 8
MOTOROLA$$$$
offset = 51045

NAO CONSTA

size = 6
XIAOMI$$$$$$
offset = 51188

size = 7
SAMSUNG$$$$$
offset = 51269

NAO CONSTA

size = 6
OUTROS$$$$$$
offset = 51380

size = 7
SAMSUNG$$$$$
offset = 51448

size = 7
SAMSUNG$$$$$
offset = 51529

size = 8
MOTOROLA$$$$
offset = 51611

size = 4
ASUS$$$$$$$$
offset = 51683

NAO CONSTA

size = 7
SAMSUNG$$$$$
offset = 51819

size = 5
APPLE$$$$$$$
offset = 51889

size = 5
APPLE$$$$$$$
offset = 51970

size = 7
SAMSUNG$$$$$
offset = 52033

NAO CONSTA

size = 7
SAMSUNG$$$$$
offset = 52151

size = 7
SAMSUNG$$$$$
offset = 52200

size = 7
SAMSUNG$$$$$
offset = 52255

size = 7
SAMSUNG$$$$$
offset = 52325

size = 4
ASUS$$$$$$$$
offset = 52405

size = 7
SAMSUNG$$$$$
offset = 52464

size = 7
SAMSUNG$$$$$
offset = 52531

size = 7
SAMSUNG$$$$$
offset = 52565

NAO CONSTA

size = 7
SAMSUNG$$$$$
offset = 52692

size = 7
SAMSUNG$$$$$
offset = 52751

size = 5
APPLE$$$$$$$
offset = 52844

size = 7
SAMSUNG$$$$$
offset = 52912

size = 8
MOTOROLA$$$$
offset = 52946

size = 7
SAMSUNG$$$$$
offset = 53017

size = 4
ASUS$$$$$$$$
offset = 53080

size = 5
APPLE$$$$$$$
offset = 53166

size = 2
LG$$$$$$$$$$
offset = 53234

size = 7
SAMSUNG$$$$$
offset = 53314

size = 7
SAMSUNG$$$$$
offset = 53382

size = 4
ASUS$$$$$$$$
offset = 53451

size = 6
IPHONE$$$$$$
offset = 53493

NAO CONSTA

size = 7
SAMSUNG$$$$$
offset = 53626

NAO CONSTA

size = 4
ASUS$$$$$$$$
offset = 53764

size = 8
MOTOROLA$$$$
offset = 53832

size = 5
APPLE$$$$$$$
offset = 53900

size = 7
SAMSUNG$$$$$
offset = 53967

size = 7
SAMSUNG$$$$$
offset = 54035

size = 7
SAMSUNG$$$$$
offset = 54109

size = 8
MOTOROLA$$$$
offset = 54177

size = 8
MOTOROLA$$$$
offset = 54242

size = 8
MOTOROLA$$$$
offset = 54285

size = 7
SAMSUNG$$$$$
offset = 54356

size = 7
SAMSUNG$$$$$
offset = 54424

size = 7
SAMSUNG$$$$$
offset = 54496

size = 8
MOTOROLA$$$$
offset = 54530

NAO CONSTA

size = 5
APPLE$$$$$$$
offset = 54658

size = 7
SAMSUNG$$$$$
offset = 54701

size = 8
MOTOROLA$$$$
offset = 54778

size = 4
ASUS$$$$$$$$
offset = 54846

size = 8
MOTOROLA$$$$
offset = 54930

size = 8
MOTOROLA$$$$
offset = 55002

size = 7
SAMSUNG$$$$$
offset = 55072

size = 6
XIAOMI$$$$$$
offset = 55140

size = 8
MOTOROLA$$$$
offset = 55208

size = 8
MOTOROLA$$$$
offset = 55276

size = 8
MOTOROLA$$$$
offset = 55343

size = 7
SAMSUNG$$$$$
offset = 55415

size = 7
SAMSUNG$$$$$
offset = 55474

NAO CONSTA

size = 8
MOTOROLA$$$$
offset = 55577

size = 7
SAMSUNG$$$$$
offset = 55620

size = 8
MOTOROLA$$$$
offset = 55690

size = 7
SAMSUNG$$$$$
offset = 55760

size = 5
APPLE$$$$$$$
offset = 55809

size = 8
MOTOROLA$$$$
offset = 55874

size = 7
SAMSUNG$$$$$
offset = 55942

size = 5
APPLE$$$$$$$
offset = 56010

size = 5
APPLE$$$$$$$
offset = 56078

size = 7
SAMSUNG$$$$$
offset = 56152

size = 7
SAMSUNG$$$$$
offset = 56242

size = 5
APPLE$$$$$$$
offset = 56301

size = 7
SAMSUNG$$$$$
offset = 56344

size = 8
MOTOROLA$$$$
offset = 56416

size = 5
APPLE$$$$$$$
offset = 56496

size = 7
SAMSUNG$$$$$
offset = 56563

size = 7
SAMSUNG$$$$$
offset = 56630

size = 7
SAMSUNG$$$$$
offset = 56698

size = 5
APPLE$$$$$$$
offset = 56787

NAO CONSTA

size = 8
MOTOROLA$$$$
offset = 56923

size = 5
APPLE$$$$$$$
offset = 56966

size = 7
SAMSUNG$$$$$
offset = 57050

size = 8
MOTOROLA$$$$
offset = 57122

size = 6
OUTROS$$$$$$
offset = 57194

size = 8
MOTOROLA$$$$
offset = 57262

size = 5
APPLE$$$$$$$
offset = 57342

size = 7
SAMSUNG$$$$$
offset = 57407

size = 4
ASUS$$$$$$$$
offset = 57475

size = 5
APPLE$$$$$$$
offset = 57543

size = 8
MOTOROLA$$$$
offset = 57606

size = 7
ALCATEL$$$$$
offset = 57675

size = 7
SAMSUNG$$$$$
offset = 57743

size = 8
MOTOROLA$$$$
offset = 57815

size = 7
SAMSUNG$$$$$
offset = 57887

size = 6
OUTROS$$$$$$
offset = 57952

size = 7
SAMSUNG$$$$$
offset = 58011

size = 8
MOTOROLA$$$$
offset = 58081

size = 8
MOTOROLA$$$$
offset = 58149

size = 2
LG$$$$$$$$$$
offset = 58218

size = 5
APPLE$$$$$$$
offset = 58286

size = 8
MOTOROLA$$$$
offset = 58360

size = 8
MOTOROLA$$$$
offset = 58425

size = 6
OUTROS$$$$$$
offset = 58493

size = 7
SAMSUNG$$$$$
offset = 58561

size = 8
MOTOROLA$$$$
offset = 58633

size = 7
SAMSUNG$$$$$
offset = 58723

size = 2
LG$$$$$$$$$$
offset = 58766

size = 5
CUBOT$$$$$$$
offset = 58810

size = 2
LG$$$$$$$$$$
offset = 58882

size = 7
SAMSUNG$$$$$
offset = 58925

size = 8
MOTOROLA$$$$
offset = 59020

size = 6
OUTROS$$$$$$
offset = 59091

size = 5
APPLE$$$$$$$
offset = 59159

size = 5
APPLE$$$$$$$
offset = 59193

NAO CONSTA

size = 7
SAMSUNG$$$$$
offset = 59292

size = 5
APPLE$$$$$$$
offset = 59351

size = 8
MOTOROLA$$$$
offset = 59419

size = 8
MOTOROLA$$$$
offset = 59504

size = 7
SAMSUNG$$$$$
offset = 59572

size = 7
SAMSUNG$$$$$
offset = 59640

size = 8
MOTOROLA$$$$
offset = 59708

NAO CONSTA

size = 7
SAMSUNG$$$$$
offset = 59796

size = 7
SAMSUNG$$$$$
offset = 59859

size = 7
SAMSUNG$$$$$
offset = 59938

size = 7
SAMSUNG$$$$$
offset = 60006

size = 8
MOTOROLA$$$$
offset = 60078

size = 5
APPLE$$$$$$$
offset = 60150

size = 6
XIAOMI$$$$$$
offset = 60233

size = 5
APPLE$$$$$$$
offset = 60301

size = 2
LG$$$$$$$$$$
offset = 60373

size = 8
MOTOROLA$$$$
offset = 60451

size = 7
SAMSUNG$$$$$
offset = 60549

size = 7
SAMSUNG$$$$$
offset = 60621

size = 2
LG$$$$$$$$$$
offset = 60655

size = 5
NOKIA$$$$$$$
offset = 60722

size = 5
APPLE$$$$$$$
offset = 60789

size = 8
MOTOROLA$$$$
offset = 60865

size = 5
APPLE$$$$$$$
offset = 60899

size = 7
SAMSUNG$$$$$
offset = 60965

size = 5
APPLE$$$$$$$
offset = 61033

size = 6
XIAOMI$$$$$$
offset = 61100

size = 7
SAMSUNG$$$$$
offset = 61168

size = 7
SAMSUNG$$$$$
offset = 61202

size = 8
MOTOROLA$$$$
offset = 61273

size = 5
APPLE$$$$$$$
offset = 61341

size = 8
MOTOROLA$$$$
offset = 61409

size = 7
SAMSUNG$$$$$
offset = 61452

NAO CONSTA

NAO CONSTA

size = 8
MOTOROLA$$$$
offset = 61628

size = 8
MOTOROLA$$$$
offset = 61700

size = 7
SAMSUNG$$$$$
offset = 61775

size = 7
SAMSUNG$$$$$
offset = 61845

size = 7
SAMSUNG$$$$$
offset = 61914

size = 7
SAMSUNG$$$$$
offset = 61967

size = 5
APPLE$$$$$$$
offset = 62060

size = 7
SAMSUNG$$$$$
offset = 62158

size = 2
LG$$$$$$$$$$
offset = 62226

size = 8
MOTOROLA$$$$
offset = 62298

size = 8
MOTOROLA$$$$
offset = 62368

size = 7
SAMSUNG$$$$$
offset = 62438

size = 7
SAMSUNG$$$$$
offset = 62526

size = 8
MOTOROLA$$$$
offset = 62595

size = 5
APPLE$$$$$$$
offset = 62663

size = 8
MOTOROLA$$$$
offset = 62735

size = 7
SAMSUNG$$$$$
offset = 62814

NAO CONSTA

size = 5
APPLE$$$$$$$
offset = 62975

NAO CONSTA

size = 6
LENOVO$$$$$$
offset = 63097

size = 8
MOTOROLA$$$$
offset = 63162

size = 8
MOTOROLA$$$$
offset = 63196

size = 5
APPLE$$$$$$$
offset = 63255

NAO CONSTA

size = 7
SAMSUNG$$$$$
offset = 63389

size = 8
MOTOROLA$$$$
offset = 63457

size = 4
ASUS$$$$$$$$
offset = 63525

NAO CONSTA

size = 7
SAMSUNG$$$$$
offset = 63663

size = 7
SAMSUNG$$$$$
offset = 63744

size = 8
MOTOROLA$$$$
offset = 63812

size = 4
SONY$$$$$$$$
offset = 63882

size = 8
MOTOROLA$$$$
offset = 63950

size = 8
MOTOROLA$$$$
offset = 64030

size = 7
SAMSUNG$$$$$
offset = 64100

size = 7
SAMSUNG$$$$$
offset = 64172

size = 8
MOTOROLA$$$$
offset = 64240

size = 7
SAMSUNG$$$$$
offset = 64321

size = 6
LENOVO$$$$$$
offset = 64389

size = 6
XIAOMI$$$$$$
offset = 64457

size = 7
SAMSUNG$$$$$
offset = 64525

size = 7
SAMSUNG$$$$$
offset = 64596

size = 8
MOTOROLA$$$$
offset = 64664

size = 6
OUTROS$$$$$$
offset = 64761

size = 4
ASUS$$$$$$$$
offset = 64829

size = 8
MOTOROLA$$$$
offset = 64897

size = 8
MOTOROLA$$$$
offset = 64965

size = 5
APPLE$$$$$$$
offset = 65038

size = 8
MOTOROLA$$$$
offset = 65081

size = 8
MOTOROLA$$$$
offset = 65149

size = 8
MOTOROLA$$$$
offset = 65217

size = 7
SAMSUNG$$$$$
offset = 65285

size = 5
APPLE$$$$$$$
offset = 65359

size = 7
SAMSUNG$$$$$
offset = 65427

size = 5
APPLE$$$$$$$
offset = 65470

size = 7
SAMSUNG$$$$$
offset = 65538

size = 5
NOKIA$$$$$$$
offset = 65572

NAO CONSTA

NAO CONSTA

size = 7
SAMSUNG$$$$$
offset = 65765

NAO CONSTA

size = 7
SAMSUNG$$$$$
offset = 65924

size = 4
ASUS$$$$$$$$
offset = 65992

size = 5
APPLE$$$$$$$
offset = 66060

size = 5
APPLE$$$$$$$
offset = 66132

NAO CONSTA

size = 2
LG$$$$$$$$$$
offset = 66267

size = 6
XIAOMI$$$$$$
offset = 66335

offset = 66335, headeroffset = 66335